
 --- Table  1: Summary of nuclide data: 

 Data for 8 nuclides included in calculation:

 - 8 Transport nuclides
 - No dosimetry nuclides
 - No decay nuclides
 - 296 reaction channels
 - 275 special reactions
 - No transmutation reactions
 - 3 transmutation branch reactions
 - 6 decay reactions
 - No decay branch reactions
 - All reaction linked to target

 Columns:

  1. Index
  2. Level (first occurence in transmutation paths)
  3. Name (nuclide identifier data)
  4. Library ID
  5. Primary data type: TRA = transport
                        DOS = dosimetry
                        SAB = thermal scattering
                        DEC = only decay data
                        STR = only structural data (mass)
                        PHO = photon interaction data
  6. Z (atomic number)
  7. A (isotope number)
  8. I (isomeric state)
  9. Atomic weight
 10. Temperature (in Kelvin)
 11. Decay constant (1/s)
 12. Flags: I - nuclide is present in initial composition
            B - nuclide is involved in burnup calculation
            A - nuclide is produced as activation product
            D - nuclide is produced as decay product
            F - nuclide is produced as fission product
            B - nuclide is produced in decay or transmutation branching
            T - nuclide has neutron transport cross section data
            S - nuclide has S(a,b) data
            I - nuclide has isomeric branching reactions
            F - nuclide is fissile
            P - nuclide is a delayed neutron precursor
            D - nuclide has delayed neutron data
            U - nuclide has uses ures ptable data
            T - nuclide cross sections are adjusted by TMS
            D - nuclide has dosimetry cross section data
            R - nuclide has radioactive decay data
            N - nuclide has neutron-induced fission yield data
            S - nuclide has spontaneous fission yield data
            P - nuclide has photon transport cross section data
            T - nuclide has supplementary transmutation cross section data
            D - nuclide is used to provide 0K data for DBRC

    1   0  8016.01c      01c  TRA    8  16 0   15.99492   873.0       stable  I-----T--------R-----  oxygen 16 (O-16)
    2   0  11023.01c     01c  TRA   11  23 0   22.98949   773.1       stable  IB----T-I------R-----  sodium 23 (Na-23)
    3   0  12024.01c     01c  TRA   12  24 0   23.98504   873.0       stable  I-----T--------R-----  magnesium 24 (Mg-24)
    4   0  17035.01c     01c  TRA   17  35 0   34.96885   773.1       stable  IB----T--------R-----  chlorine 35 (Cl-35)
    5   0  17037.01c     01c  TRA   17  37 0   36.96590   773.1       stable  IB----T-I------R-----  chlorine 37 (Cl-37)
    6   0  92234.01c     01c  TRA   92 234 0  234.04094   773.1  8.94685E-14  IB----T-IF-D---RN----  uranium 234 (U-234)
    7   0  92235.01c     01c  TRA   92 235 0  235.04394   773.1  3.12085E-17  IB----T--F-D---RN----  uranium 235 (U-235)
    8   0  92238.01c     01c  TRA   92 238 0  238.05080   773.1  4.91597E-18  IB----T--F-D---RN----  uranium 238 (U-238)

 --- Table  2: Reaction and decay data: 

 Nuclide    1 / 8 : 8016.01c -- oxygen 16 (O-16)

 Pointers                     : 122064 31739974
 Primary type                 : Transport
 Nuclide ZAI                  : 80160
 Library ID                   : 01c
 Cross section data file      : /opt/MCNP_DATA/Lib80x/O/8016.801nc
 Atomic weight (AW)           : 15.99492
 Atomic weight ratio (AWR)    : 15.85751
 Temperature                  : 873.0 Kelvin
 XS temperature               : 873.0 Kelvin
 Minimum and maximum energy   : 1.00000E-11 1.50000E+02
 Half-life                    : stable
 Specific ingestion toxicity  : N/A
 Specific inhalation toxicity : N/A

 - Nuclide is not involved in burnup calculation
 - Nuclide has neutron transport data
 - Nuclide has no photon transport data
 - Nuclide has no S(a,b) data
 - Nuclide has no isomeric branching data
 - Nuclide is not fissile
 - Nuclide is not a delayed neutron precursor
 - Nuclide has no delayed neutron data
 - Nuclide has no ures ptable data
 - Nuclide temperature is not adjusted with TMS
 - Nuclide has no dosimetry data
 - Nuclide has decay data
 - Nuclide has no supplementary transmutation cross section data
 - Nuclide has no NFY data
 - Nuclide has no SFY data

 - 25 reaction channels
 - 45 special reactions
 - No transmutation reactions
 - No transmutation branch reactions
 - No decay reactions
 - No decay branch reactions
 - No transmutation paths

 25 reactions channel:

   1    MT =      2  Q =  0.00000E+00 MeV  Emin = 1.00000E-11 MeV  frac = 1.00000E+00  : elastic scattering
   2    MT =      5  Q =  0.00000E+00 MeV  Emin = 3.00000E+01 MeV  frac = 1.00000E+00  : anything
   3    MT =     16  Q = -1.56638E+01 MeV  Emin = 1.66516E+01 MeV  frac = 1.00000E+00  : (n,2n)
   4    MT =     22  Q = -7.16195E+00 MeV  Emin = 7.61360E+00 MeV  frac = 1.00000E+00  : (n,nalpha)
   5    MT =     23  Q = -1.44368E+01 MeV  Emin = 1.64100E+01 MeV  frac = 1.00000E+00  : (n,n3alpha)
   6    MT =     28  Q = -1.21276E+01 MeV  Emin = 1.28924E+01 MeV  frac = 1.00000E+00  : (n,np)
   7    MT =     32  Q = -2.07363E+01 MeV  Emin = 2.20440E+01 MeV  frac = 1.00000E+00  : (n,nd)
   8    MT =     41  Q = -2.29609E+01 MeV  Emin = 2.44089E+01 MeV  frac = 1.00000E+00  : (n,2np)
   9    MT =     44  Q = -2.23350E+01 MeV  Emin = 2.37435E+01 MeV  frac = 1.00000E+00  : (n,n2p)
  10    MT =     45  Q = -2.31192E+01 MeV  Emin = 2.45771E+01 MeV  frac = 1.00000E+00  : (n,npalpha)
  11    MT =     51  Q = -6.04940E+00 MeV  Emin = 6.43089E+00 MeV  frac = 1.00000E+00  : inelastic scatt. to 1. excited state
  12    MT =     52  Q = -6.12989E+00 MeV  Emin = 6.51646E+00 MeV  frac = 1.00000E+00  : inelastic scatt. to 2. excited state
  13    MT =     53  Q = -6.91710E+00 MeV  Emin = 7.35330E+00 MeV  frac = 1.00000E+00  : inelastic scatt. to 3. excited state
  14    MT =     54  Q = -7.11685E+00 MeV  Emin = 7.56565E+00 MeV  frac = 1.00000E+00  : inelastic scatt. to 4. excited state
  15    MT =     55  Q = -8.87190E+00 MeV  Emin = 9.43138E+00 MeV  frac = 1.00000E+00  : inelastic scatt. to 5. excited state
  16    MT =     56  Q = -1.09570E+01 MeV  Emin = 1.16480E+01 MeV  frac = 1.00000E+00  : inelastic scatt. to 6. excited state
  17    MT =     57  Q = -1.10800E+01 MeV  Emin = 1.17787E+01 MeV  frac = 1.00000E+00  : inelastic scatt. to 7. excited state
  18    MT =     91  Q = -9.58500E+00 MeV  Emin = 1.01895E+01 MeV  frac = 1.00000E+00  : inelastic scattering to continuum
  19    MT =    102  Q =  4.14319E+00 MeV  Emin = 1.00000E-11 MeV  frac = 1.00000E+00  : (n,gamma)
  20    MT =    103  Q =  0.00000E+00 MeV  Emin = 1.02445E+01 MeV  frac = 1.00000E+00  : (n,p)
  21    MT =    104  Q =  0.00000E+00 MeV  Emin = 1.05275E+01 MeV  frac = 1.00000E+00  : (n,d)
  22    MT =    105  Q =  0.00000E+00 MeV  Emin = 1.53921E+01 MeV  frac = 1.00000E+00  : (n,t)
  23    MT =    107  Q =  0.00000E+00 MeV  Emin = 2.36000E+00 MeV  frac = 1.00000E+00  : (n,alpha)
  24    MT =    108  Q = -1.28632E+01 MeV  Emin = 1.36744E+01 MeV  frac = 1.00000E+00  : (n,2alpha)
  25    MT =    112  Q = -1.97491E+01 MeV  Emin = 2.09945E+01 MeV  frac = 1.00000E+00  : (n,palpha)

 45 special reactions:

   1    MT =    203  Q =  0.00000E+00 MeV  Emin = 1.02445E+01 MeV  : total proton production
   2    MT =    204  Q =  0.00000E+00 MeV  Emin = 1.05260E+01 MeV  : total deuteron production
   3    MT =    205  Q =  0.00000E+00 MeV  Emin = 1.53921E+01 MeV  : total triton production
   4    MT =    207  Q =  0.00000E+00 MeV  Emin = 2.36000E+00 MeV  : total alpha production
   5    MT =    444  Q =  0.00000E+00 MeV  Emin = 1.00000E-11 MeV  : damage-energy production
   6    MT =    600  Q = -9.63680E+00 MeV  Emin = 1.02445E+01 MeV  : (n,p) to ground state
   7    MT =    601  Q = -9.75690E+00 MeV  Emin = 1.03722E+01 MeV  : (n,p1)
   8    MT =    602  Q = -9.93380E+00 MeV  Emin = 1.05602E+01 MeV  : (n,p2)
   9    MT =    603  Q = -1.00343E+01 MeV  Emin = 1.06671E+01 MeV  : (n,p3)
  10    MT =    650  Q = -9.90300E+00 MeV  Emin = 1.05275E+01 MeV  : (n,d) to ground state
  11    MT =    651  Q = -1.51731E+01 MeV  Emin = 1.61300E+01 MeV  : (n,d1)
  12    MT =    652  Q = -1.52018E+01 MeV  Emin = 1.61610E+01 MeV  : (n,d2)
  13    MT =    653  Q = -1.62269E+01 MeV  Emin = 1.72502E+01 MeV  : (n,d3)
  14    MT =    654  Q = -1.70581E+01 MeV  Emin = 1.81338E+01 MeV  : (n,d4)
  15    MT =    655  Q = -1.72041E+01 MeV  Emin = 1.82890E+01 MeV  : (n,d5)
  16    MT =    656  Q = -1.74701E+01 MeV  Emin = 1.85718E+01 MeV  : (n,d6)
  17    MT =    657  Q = -1.82158E+01 MeV  Emin = 1.93645E+01 MeV  : (n,d7)
  18    MT =    658  Q = -1.84744E+01 MeV  Emin = 1.96394E+01 MeV  : (n,d8)
  19    MT =    659  Q = -1.89530E+01 MeV  Emin = 2.01482E+01 MeV  : (n,d9)
  20    MT =    660  Q = -1.90546E+01 MeV  Emin = 2.02562E+01 MeV  : (n,d10)
  21    MT =    661  Q = -1.90579E+01 MeV  Emin = 2.02597E+01 MeV  : (n,d11)
  22    MT =    662  Q = -1.91280E+01 MeV  Emin = 2.03343E+01 MeV  : (n,d12)
  23    MT =    663  Q = -1.96630E+01 MeV  Emin = 2.09030E+01 MeV  : (n,d13)
  24    MT =    664  Q = -1.97320E+01 MeV  Emin = 2.09763E+01 MeV  : (n,d14)
  25    MT =    665  Q = -1.98310E+01 MeV  Emin = 2.10816E+01 MeV  : (n,d15)
  26    MT =    666  Q = -1.99730E+01 MeV  Emin = 2.12325E+01 MeV  : (n,d16)
  27    MT =    667  Q = -2.03527E+01 MeV  Emin = 2.16362E+01 MeV  : (n,d17)
  28    MT =    668  Q = -2.04363E+01 MeV  Emin = 2.17251E+01 MeV  : (n,d18)
  29    MT =    669  Q = -2.05962E+01 MeV  Emin = 2.18950E+01 MeV  : (n,d19)
  30    MT =    700  Q = -1.44790E+01 MeV  Emin = 1.53921E+01 MeV  : (n,t) to ground state
  31    MT =    701  Q = -1.67918E+01 MeV  Emin = 1.78507E+01 MeV  : (n,t1)
  32    MT =    702  Q = -1.84271E+01 MeV  Emin = 1.95892E+01 MeV  : (n,t2)
  33    MT =    703  Q = -1.93941E+01 MeV  Emin = 2.06171E+01 MeV  : (n,t3)
  34    MT =    704  Q = -1.95849E+01 MeV  Emin = 2.08200E+01 MeV  : (n,t4)
  35    MT =    705  Q = -2.01704E+01 MeV  Emin = 2.14424E+01 MeV  : (n,t5)
  36    MT =    706  Q = -2.03132E+01 MeV  Emin = 2.15942E+01 MeV  : (n,t6)
  37    MT =    707  Q = -2.06825E+01 MeV  Emin = 2.19868E+01 MeV  : (n,t7)
  38    MT =    708  Q = -2.09252E+01 MeV  Emin = 2.22448E+01 MeV  : (n,t8)
  39    MT =    709  Q = -2.15081E+01 MeV  Emin = 2.28645E+01 MeV  : (n,t9)
  40    MT =    749  Q = -2.15081E+01 MeV  Emin = 2.28645E+01 MeV  : (n,t) to continuum
  41    MT =    800  Q = -2.21430E+00 MeV  Emin = 2.36000E+00 MeV  : (n,alpha) to ground state
  42    MT =    801  Q = -5.30500E+00 MeV  Emin = 5.63954E+00 MeV  : (n,a1)
  43    MT =    802  Q = -5.90010E+00 MeV  Emin = 6.27217E+00 MeV  : (n,a2)
  44    MT =    803  Q = -6.06940E+00 MeV  Emin = 6.45215E+00 MeV  : (n,a3)
  45    MT =      4  Q =  0.00000E+00 MeV  Emin = 6.43089E+00 MeV  : total inelastic scattering

 Nuclide    2 / 8 : 11023.01c -- sodium 23 (Na-23)

 Pointers                     : 8462 17658663
 Primary type                 : Transport
 Nuclide ZAI                  : 110230
 Library ID                   : 01c
 Cross section data file      : /opt/MCNP_DATA/Lib80x/Na/11023.801nc
 Atomic weight (AW)           : 22.98949
 Atomic weight ratio (AWR)    : 22.79200
 Temperature                  : 773.1 Kelvin
 XS temperature               : 773.1 Kelvin
 Minimum and maximum energy   : 1.00000E-11 2.00000E+01
 Half-life                    : stable
 Specific ingestion toxicity  : N/A
 Specific inhalation toxicity : N/A

 - Nuclide is present in initial composition
 - Nuclide is not produced in transmutation
 - Nuclide is not produced in decay
 - Nuclide is not produced in fission
 - Nuclide has neutron transport data
 - Nuclide has no photon transport data
 - Nuclide has no S(a,b) data
 - Nuclide has isomeric branching data
 - Nuclide is not fissile
 - Nuclide is not a delayed neutron precursor
 - Nuclide has no delayed neutron data
 - Nuclide has no ures ptable data
 - Nuclide temperature is not adjusted with TMS
 - Nuclide has no dosimetry data
 - Nuclide has decay data
 - Nuclide has no supplementary transmutation cross section data
 - Nuclide has no NFY data
 - Nuclide has no SFY data

 - 24 reaction channels
 - 4 special reactions
 - No transmutation reactions
 - 1 transmutation branch reactions
 - No decay reactions
 - No decay branch reactions
 - No transmutation paths

 24 reactions channel:

   1    MT =      2  Q =  0.00000E+00 MeV  Emin = 1.00000E-11 MeV  frac = 1.00000E+00  Product nuclide = self          : elastic scattering
   2    MT =     16  Q = -1.24140E+01 MeV  Emin = 1.29587E+01 MeV  frac = 1.00000E+00  Product nuclide = cut: Na-22    : (n,2n)
   3    MT =     51  Q = -4.40000E-01 MeV  Emin = 4.59505E-01 MeV  frac = 1.00000E+00  Product nuclide = self          : inelastic scatt. to 1. excited state
   4    MT =     52  Q = -2.07800E+00 MeV  Emin = 2.16920E+00 MeV  frac = 1.00000E+00  Product nuclide = self          : inelastic scatt. to 2. excited state
   5    MT =     53  Q = -2.39300E+00 MeV  Emin = 2.49800E+00 MeV  frac = 1.00000E+00  Product nuclide = self          : inelastic scatt. to 3. excited state
   6    MT =     54  Q = -2.64000E+00 MeV  Emin = 2.75583E+00 MeV  frac = 1.00000E+00  Product nuclide = self          : inelastic scatt. to 4. excited state
   7    MT =     55  Q = -2.70500E+00 MeV  Emin = 2.82370E+00 MeV  frac = 1.00000E+00  Product nuclide = self          : inelastic scatt. to 5. excited state
   8    MT =     56  Q = -2.98300E+00 MeV  Emin = 3.11390E+00 MeV  frac = 1.00000E+00  Product nuclide = self          : inelastic scatt. to 6. excited state
   9    MT =     57  Q = -3.68000E+00 MeV  Emin = 3.84150E+00 MeV  frac = 1.00000E+00  Product nuclide = self          : inelastic scatt. to 7. excited state
  10    MT =     58  Q = -3.88000E+00 MeV  Emin = 4.05024E+00 MeV  frac = 1.00000E+00  Product nuclide = self          : inelastic scatt. to 8. excited state
  11    MT =     59  Q = -4.43000E+00 MeV  Emin = 4.62440E+00 MeV  frac = 1.00000E+00  Product nuclide = self          : inelastic scatt. to 9. excited state
  12    MT =     60  Q = -4.77000E+00 MeV  Emin = 4.97930E+00 MeV  frac = 1.00000E+00  Product nuclide = self          : inelastic scatt. to 10. excited state
  13    MT =     61  Q = -5.38000E+00 MeV  Emin = 5.61605E+00 MeV  frac = 1.00000E+00  Product nuclide = self          : inelastic scatt. to 11. excited state
  14    MT =     62  Q = -5.53000E+00 MeV  Emin = 5.77263E+00 MeV  frac = 1.00000E+00  Product nuclide = self          : inelastic scatt. to 12. excited state
  15    MT =     63  Q = -5.76000E+00 MeV  Emin = 6.01272E+00 MeV  frac = 1.00000E+00  Product nuclide = self          : inelastic scatt. to 13. excited state
  16    MT =     64  Q = -5.95500E+00 MeV  Emin = 6.21630E+00 MeV  frac = 1.00000E+00  Product nuclide = self          : inelastic scatt. to 14. excited state
  17    MT =     65  Q = -6.07850E+00 MeV  Emin = 6.34520E+00 MeV  frac = 1.00000E+00  Product nuclide = self          : inelastic scatt. to 15. excited state
  18    MT =     66  Q = -6.27000E+00 MeV  Emin = 6.54510E+00 MeV  frac = 1.00000E+00  Product nuclide = self          : inelastic scatt. to 16. excited state
  19    MT =     67  Q = -7.11000E+00 MeV  Emin = 7.42200E+00 MeV  frac = 1.00000E+00  Product nuclide = self          : inelastic scatt. to 17. excited state
  20    MT =     68  Q = -7.79000E+00 MeV  Emin = 8.13180E+00 MeV  frac = 1.00000E+00  Product nuclide = self          : inelastic scatt. to 18. excited state
  21    MT =     91  Q = -5.84360E+00 MeV  Emin = 6.10000E+00 MeV  frac = 1.00000E+00  Product nuclide = self          : inelastic scattering to continuum
  22    MT =    102  Q =  6.95949E+00 MeV  Emin = 1.00000E-11 MeV  frac = 1.00000E+00  Product nuclide = cut: Na-24    : (n,gamma)
  23    MT =    103  Q = -3.59700E+00 MeV  Emin = 3.75482E+00 MeV  frac = 1.00000E+00  Product nuclide = cut: Ne-23    : (n,p)
  24    MT =    107  Q = -3.86600E+00 MeV  Emin = 4.03562E+00 MeV  frac = 1.00000E+00  Product nuclide = cut: F-20     : (n,alpha)

 1 additional transport branch:

   1    MT =    102  Q =  6.95949E+00 MeV  Emin = 1.00000E-11 MeV  frac = 1.00000E+00  Product nuclide = cut: Na-24m   : (n,gamma)

 4 special reactions:

   1    MT =    203  Q =  0.00000E+00 MeV  Emin = 3.75482E+00 MeV  : total proton production
   2    MT =    207  Q =  0.00000E+00 MeV  Emin = 4.03562E+00 MeV  : total alpha production
   3    MT =    444  Q =  0.00000E+00 MeV  Emin = 1.00000E-11 MeV  : damage-energy production
   4    MT =      4  Q =  0.00000E+00 MeV  Emin = 4.59505E-01 MeV  : total inelastic scattering

 Nuclide    3 / 8 : 12024.01c -- magnesium 24 (Mg-24)

 Pointers                     : 120225 31681918
 Primary type                 : Transport
 Nuclide ZAI                  : 120240
 Library ID                   : 01c
 Cross section data file      : /opt/MCNP_DATA/Lib80x/Mg/12024.801nc
 Atomic weight (AW)           : 23.98504
 Atomic weight ratio (AWR)    : 23.77900
 Temperature                  : 873.0 Kelvin
 XS temperature               : 873.0 Kelvin
 Minimum and maximum energy   : 1.00000E-11 2.00000E+01
 Half-life                    : stable
 Specific ingestion toxicity  : N/A
 Specific inhalation toxicity : N/A

 - Nuclide is not involved in burnup calculation
 - Nuclide has neutron transport data
 - Nuclide has no photon transport data
 - Nuclide has no S(a,b) data
 - Nuclide has no isomeric branching data
 - Nuclide is not fissile
 - Nuclide is not a delayed neutron precursor
 - Nuclide has no delayed neutron data
 - Nuclide has no ures ptable data
 - Nuclide temperature is not adjusted with TMS
 - Nuclide has no dosimetry data
 - Nuclide has decay data
 - Nuclide has no supplementary transmutation cross section data
 - Nuclide has no NFY data
 - Nuclide has no SFY data

 - 19 reaction channels
 - 4 special reactions
 - No transmutation reactions
 - No transmutation branch reactions
 - No decay reactions
 - No decay branch reactions
 - No transmutation paths

 19 reactions channel:

   1    MT =      2  Q =  0.00000E+00 MeV  Emin = 1.00000E-11 MeV  frac = 1.00000E+00  : elastic scattering
   2    MT =     16  Q = -1.65306E+01 MeV  Emin = 1.72258E+01 MeV  frac = 1.00000E+00  : (n,2n)
   3    MT =     22  Q = -9.31453E+00 MeV  Emin = 1.10000E+01 MeV  frac = 1.00000E+00  : (n,nalpha)
   4    MT =     28  Q = -1.16915E+01 MeV  Emin = 1.21832E+01 MeV  frac = 1.00000E+00  : (n,np)
   5    MT =     51  Q = -1.36860E+00 MeV  Emin = 1.42616E+00 MeV  frac = 1.00000E+00  : inelastic scatt. to 1. excited state
   6    MT =     52  Q = -4.11999E+00 MeV  Emin = 4.29330E+00 MeV  frac = 1.00000E+00  : inelastic scatt. to 2. excited state
   7    MT =     53  Q = -4.23839E+00 MeV  Emin = 4.41664E+00 MeV  frac = 1.00000E+00  : inelastic scatt. to 3. excited state
   8    MT =     54  Q = -5.23609E+00 MeV  Emin = 5.45630E+00 MeV  frac = 1.00000E+00  : inelastic scatt. to 4. excited state
   9    MT =     55  Q = -6.01029E+00 MeV  Emin = 6.26306E+00 MeV  frac = 1.00000E+00  : inelastic scatt. to 5. excited state
  10    MT =     56  Q = -6.43219E+00 MeV  Emin = 6.70270E+00 MeV  frac = 1.00000E+00  : inelastic scatt. to 6. excited state
  11    MT =     57  Q = -7.34789E+00 MeV  Emin = 7.65691E+00 MeV  frac = 1.00000E+00  : inelastic scatt. to 7. excited state
  12    MT =     58  Q = -7.55299E+00 MeV  Emin = 7.87063E+00 MeV  frac = 1.00000E+00  : inelastic scatt. to 8. excited state
  13    MT =     59  Q = -7.61619E+00 MeV  Emin = 7.93649E+00 MeV  frac = 1.00000E+00  : inelastic scatt. to 9. excited state
  14    MT =     60  Q = -7.74719E+00 MeV  Emin = 8.07300E+00 MeV  frac = 1.00000E+00  : inelastic scatt. to 10. excited state
  15    MT =     61  Q = -7.81199E+00 MeV  Emin = 8.14053E+00 MeV  frac = 1.00000E+00  : inelastic scatt. to 11. excited state
  16    MT =     91  Q = -1.00000E+01 MeV  Emin = 1.04206E+01 MeV  frac = 1.00000E+00  : inelastic scattering to continuum
  17    MT =    102  Q =  7.33189E+00 MeV  Emin = 1.00000E-11 MeV  frac = 1.00000E+00  : (n,gamma)
  18    MT =    103  Q = -4.73209E+00 MeV  Emin = 4.93113E+00 MeV  frac = 1.00000E+00  : (n,p)
  19    MT =    107  Q = -2.55335E+00 MeV  Emin = 4.00000E+00 MeV  frac = 1.00000E+00  : (n,alpha)

 4 special reactions:

   1    MT =    203  Q =  0.00000E+00 MeV  Emin = 4.91676E+00 MeV  : total proton production
   2    MT =    207  Q =  0.00000E+00 MeV  Emin = 4.00000E+00 MeV  : total alpha production
   3    MT =    444  Q =  0.00000E+00 MeV  Emin = 1.00000E-11 MeV  : damage-energy production
   4    MT =      4  Q =  0.00000E+00 MeV  Emin = 1.42616E+00 MeV  : total inelastic scattering

 Nuclide    4 / 8 : 17035.01c -- chlorine 35 (Cl-35)

 Pointers                     : 10762 17751751
 Primary type                 : Transport
 Nuclide ZAI                  : 170350
 Library ID                   : 01c
 Cross section data file      : /opt/MCNP_DATA/Lib80x/Cl/17035.801nc
 Atomic weight (AW)           : 34.96885
 Atomic weight ratio (AWR)    : 34.66845
 Temperature                  : 773.1 Kelvin
 XS temperature               : 773.1 Kelvin
 Minimum and maximum energy   : 1.00000E-11 2.00000E+01
 Half-life                    : stable
 Specific ingestion toxicity  : N/A
 Specific inhalation toxicity : N/A

 - Nuclide is present in initial composition
 - Nuclide is not produced in transmutation
 - Nuclide is not produced in decay
 - Nuclide is not produced in fission
 - Nuclide has neutron transport data
 - Nuclide has no photon transport data
 - Nuclide has no S(a,b) data
 - Nuclide has no isomeric branching data
 - Nuclide is not fissile
 - Nuclide is not a delayed neutron precursor
 - Nuclide has no delayed neutron data
 - Nuclide has no ures ptable data
 - Nuclide temperature is not adjusted with TMS
 - Nuclide has no dosimetry data
 - Nuclide has decay data
 - Nuclide has no supplementary transmutation cross section data
 - Nuclide has no NFY data
 - Nuclide has no SFY data

 - 43 reaction channels
 - 123 special reactions
 - No transmutation reactions
 - No transmutation branch reactions
 - No decay reactions
 - No decay branch reactions
 - No transmutation paths

 43 reactions channel:

   1    MT =      2  Q =  0.00000E+00 MeV  Emin = 1.00000E-11 MeV  frac = 1.00000E+00  Product nuclide = self          : elastic scattering
   2    MT =     16  Q = -1.26450E+01 MeV  Emin = 1.30098E+01 MeV  frac = 1.00000E+00  Product nuclide = cut: Cl-34    : (n,2n)
   3    MT =     22  Q = -6.99745E+00 MeV  Emin = 7.19929E+00 MeV  frac = 1.00000E+00  Product nuclide = cut: P-31     : (n,nalpha)
   4    MT =     28  Q = -6.37040E+00 MeV  Emin = 6.55415E+00 MeV  frac = 1.00000E+00  Product nuclide = cut: S-34     : (n,np)
   5    MT =     32  Q = -1.55629E+01 MeV  Emin = 1.60118E+01 MeV  frac = 1.00000E+00  Product nuclide = cut: S-33     : (n,nd)
   6    MT =     51  Q = -1.21944E+00 MeV  Emin = 1.25462E+00 MeV  frac = 1.00000E+00  Product nuclide = self          : inelastic scatt. to 1. excited state
   7    MT =     52  Q = -1.76315E+00 MeV  Emin = 1.81401E+00 MeV  frac = 1.00000E+00  Product nuclide = self          : inelastic scatt. to 2. excited state
   8    MT =     53  Q = -2.64560E+00 MeV  Emin = 2.72191E+00 MeV  frac = 1.00000E+00  Product nuclide = self          : inelastic scatt. to 3. excited state
   9    MT =     54  Q = -2.69360E+00 MeV  Emin = 2.77130E+00 MeV  frac = 1.00000E+00  Product nuclide = self          : inelastic scatt. to 4. excited state
  10    MT =     55  Q = -3.00274E+00 MeV  Emin = 3.08935E+00 MeV  frac = 1.00000E+00  Product nuclide = self          : inelastic scatt. to 5. excited state
  11    MT =     56  Q = -3.16800E+00 MeV  Emin = 3.25938E+00 MeV  frac = 1.00000E+00  Product nuclide = self          : inelastic scatt. to 6. excited state
  12    MT =     57  Q = -3.91848E+00 MeV  Emin = 4.03151E+00 MeV  frac = 1.00000E+00  Product nuclide = self          : inelastic scatt. to 7. excited state
  13    MT =     58  Q = -3.94290E+00 MeV  Emin = 4.05663E+00 MeV  frac = 1.00000E+00  Product nuclide = self          : inelastic scatt. to 8. excited state
  14    MT =     59  Q = -3.96750E+00 MeV  Emin = 4.08194E+00 MeV  frac = 1.00000E+00  Product nuclide = self          : inelastic scatt. to 9. excited state
  15    MT =     60  Q = -4.05920E+00 MeV  Emin = 4.17629E+00 MeV  frac = 1.00000E+00  Product nuclide = self          : inelastic scatt. to 10. excited state
  16    MT =     61  Q = -4.11330E+00 MeV  Emin = 4.23195E+00 MeV  frac = 1.00000E+00  Product nuclide = self          : inelastic scatt. to 11. excited state
  17    MT =     62  Q = -4.17345E+00 MeV  Emin = 4.29383E+00 MeV  frac = 1.00000E+00  Product nuclide = self          : inelastic scatt. to 12. excited state
  18    MT =     63  Q = -4.17790E+00 MeV  Emin = 4.29841E+00 MeV  frac = 1.00000E+00  Product nuclide = self          : inelastic scatt. to 13. excited state
  19    MT =     64  Q = -4.34770E+00 MeV  Emin = 4.47311E+00 MeV  frac = 1.00000E+00  Product nuclide = self          : inelastic scatt. to 14. excited state
  20    MT =     65  Q = -4.62440E+00 MeV  Emin = 4.75779E+00 MeV  frac = 1.00000E+00  Product nuclide = self          : inelastic scatt. to 15. excited state
  21    MT =     66  Q = -4.76990E+00 MeV  Emin = 4.90749E+00 MeV  frac = 1.00000E+00  Product nuclide = self          : inelastic scatt. to 16. excited state
  22    MT =     67  Q = -4.83909E+00 MeV  Emin = 4.97867E+00 MeV  frac = 1.00000E+00  Product nuclide = self          : inelastic scatt. to 17. excited state
  23    MT =     68  Q = -4.85440E+00 MeV  Emin = 4.99442E+00 MeV  frac = 1.00000E+00  Product nuclide = self          : inelastic scatt. to 18. excited state
  24    MT =     69  Q = -4.88110E+00 MeV  Emin = 5.02189E+00 MeV  frac = 1.00000E+00  Product nuclide = self          : inelastic scatt. to 19. excited state
  25    MT =     70  Q = -5.01040E+00 MeV  Emin = 5.15492E+00 MeV  frac = 1.00000E+00  Product nuclide = self          : inelastic scatt. to 20. excited state
  26    MT =     71  Q = -5.16331E+00 MeV  Emin = 5.31224E+00 MeV  frac = 1.00000E+00  Product nuclide = self          : inelastic scatt. to 21. excited state
  27    MT =     72  Q = -5.21580E+00 MeV  Emin = 5.36625E+00 MeV  frac = 1.00000E+00  Product nuclide = self          : inelastic scatt. to 22. excited state
  28    MT =     73  Q = -5.40360E+00 MeV  Emin = 5.55947E+00 MeV  frac = 1.00000E+00  Product nuclide = self          : inelastic scatt. to 23. excited state
  29    MT =     74  Q = -5.40670E+00 MeV  Emin = 5.56266E+00 MeV  frac = 1.00000E+00  Product nuclide = self          : inelastic scatt. to 24. excited state
  30    MT =     75  Q = -5.58600E+00 MeV  Emin = 5.74713E+00 MeV  frac = 1.00000E+00  Product nuclide = self          : inelastic scatt. to 25. excited state
  31    MT =     76  Q = -5.59970E+00 MeV  Emin = 5.76122E+00 MeV  frac = 1.00000E+00  Product nuclide = self          : inelastic scatt. to 26. excited state
  32    MT =     77  Q = -5.64600E+00 MeV  Emin = 5.80886E+00 MeV  frac = 1.00000E+00  Product nuclide = self          : inelastic scatt. to 27. excited state
  33    MT =     78  Q = -5.65400E+00 MeV  Emin = 5.81709E+00 MeV  frac = 1.00000E+00  Product nuclide = self          : inelastic scatt. to 28. excited state
  34    MT =     79  Q = -5.68300E+00 MeV  Emin = 5.84692E+00 MeV  frac = 1.00000E+00  Product nuclide = self          : inelastic scatt. to 29. excited state
  35    MT =     80  Q = -5.72352E+00 MeV  Emin = 5.88861E+00 MeV  frac = 1.00000E+00  Product nuclide = self          : inelastic scatt. to 30. excited state
  36    MT =     91  Q = -5.72352E+00 MeV  Emin = 5.88861E+00 MeV  frac = 1.00000E+00  Product nuclide = self          : inelastic scattering to continuum
  37    MT =    102  Q =  8.57991E+00 MeV  Emin = 1.00000E-11 MeV  frac = 1.00000E+00  Product nuclide = cut: Cl-36    : (n,gamma)
  38    MT =    103  Q =  0.00000E+00 MeV  Emin = 1.00000E-11 MeV  frac = 1.00000E+00  Product nuclide = cut: S-35     : (n,p)
  39    MT =    104  Q =  0.00000E+00 MeV  Emin = 4.26540E+00 MeV  frac = 1.00000E+00  Product nuclide = cut: S-34     : (n,d)
  40    MT =    105  Q =  0.00000E+00 MeV  Emin = 9.57406E+00 MeV  frac = 1.00000E+00  Product nuclide = cut: S-33     : (n,t)
  41    MT =    107  Q =  0.00000E+00 MeV  Emin = 1.00000E-11 MeV  frac = 1.00000E+00  Product nuclide = cut: P-32     : (n,alpha)
  42    MT =    111  Q = -1.09627E+01 MeV  Emin = 1.12789E+01 MeV  frac = 1.00000E+00  Product nuclide = cut: P-34     : (n,2p)
  43    MT =    112  Q = -7.70570E+00 MeV  Emin = 7.92797E+00 MeV  frac = 1.00000E+00  Product nuclide = cut: Si-31    : (n,palpha)

 123 special reactions:

   1    MT =    203  Q =  0.00000E+00 MeV  Emin = 1.00000E-11 MeV  : total proton production
   2    MT =    204  Q =  0.00000E+00 MeV  Emin = 4.26540E+00 MeV  : total deuteron production
   3    MT =    205  Q =  0.00000E+00 MeV  Emin = 9.57406E+00 MeV  : total triton production
   4    MT =    207  Q =  0.00000E+00 MeV  Emin = 1.00000E-11 MeV  : total alpha production
   5    MT =    444  Q =  0.00000E+00 MeV  Emin = 1.00000E-11 MeV  : damage-energy production
   6    MT =    600  Q =  6.15220E-01 MeV  Emin = 1.00000E-11 MeV  : (n,p) to ground state
   7    MT =    601  Q = -9.56759E-01 MeV  Emin = 1.00000E+00 MeV  : (n,p1)
   8    MT =    602  Q = -1.37568E+00 MeV  Emin = 1.41536E+00 MeV  : (n,p2)
   9    MT =    603  Q = -1.73198E+00 MeV  Emin = 1.78194E+00 MeV  : (n,p3)
  10    MT =    604  Q = -2.10198E+00 MeV  Emin = 2.16261E+00 MeV  : (n,p4)
  11    MT =    605  Q = -2.32368E+00 MeV  Emin = 2.39286E+00 MeV  : (n,p5)
  12    MT =    606  Q = -2.80548E+00 MeV  Emin = 2.88640E+00 MeV  : (n,p6)
  13    MT =    607  Q = -2.94528E+00 MeV  Emin = 3.03024E+00 MeV  : (n,p7)
  14    MT =    608  Q = -2.98148E+00 MeV  Emin = 3.06748E+00 MeV  : (n,p8)
  15    MT =    609  Q = -3.05948E+00 MeV  Emin = 3.14773E+00 MeV  : (n,p9)
  16    MT =    610  Q = -3.18668E+00 MeV  Emin = 3.27860E+00 MeV  : (n,p10)
  17    MT =    611  Q = -3.20258E+00 MeV  Emin = 3.29496E+00 MeV  : (n,p11)
  18    MT =    612  Q = -3.27048E+00 MeV  Emin = 3.36482E+00 MeV  : (n,p12)
  19    MT =    613  Q = -3.29148E+00 MeV  Emin = 3.38642E+00 MeV  : (n,p13)
  20    MT =    614  Q = -3.40648E+00 MeV  Emin = 3.50474E+00 MeV  : (n,p14)
  21    MT =    615  Q = -3.41248E+00 MeV  Emin = 3.51091E+00 MeV  : (n,p15)
  22    MT =    616  Q = -3.49148E+00 MeV  Emin = 3.59219E+00 MeV  : (n,p16)
  23    MT =    617  Q = -3.56448E+00 MeV  Emin = 3.66730E+00 MeV  : (n,p17)
  24    MT =    618  Q = -3.57438E+00 MeV  Emin = 3.67748E+00 MeV  : (n,p18)
  25    MT =    619  Q = -3.68648E+00 MeV  Emin = 3.79282E+00 MeV  : (n,p19)
  26    MT =    620  Q = -3.86448E+00 MeV  Emin = 3.97595E+00 MeV  : (n,p20)
  27    MT =    621  Q = -3.96048E+00 MeV  Emin = 4.07472E+00 MeV  : (n,p21)
  28    MT =    622  Q = -4.00148E+00 MeV  Emin = 4.11690E+00 MeV  : (n,p22)
  29    MT =    623  Q = -4.22348E+00 MeV  Emin = 4.34530E+00 MeV  : (n,p23)
  30    MT =    624  Q = -4.28798E+00 MeV  Emin = 4.41167E+00 MeV  : (n,p24)
  31    MT =    625  Q = -4.34768E+00 MeV  Emin = 4.47311E+00 MeV  : (n,p25)
  32    MT =    626  Q = -4.37448E+00 MeV  Emin = 4.50066E+00 MeV  : (n,p26)
  33    MT =    627  Q = -4.44248E+00 MeV  Emin = 4.57062E+00 MeV  : (n,p27)
  34    MT =    628  Q = -4.51148E+00 MeV  Emin = 4.64161E+00 MeV  : (n,p28)
  35    MT =    629  Q = -4.72748E+00 MeV  Emin = 4.86384E+00 MeV  : (n,p29)
  36    MT =    649  Q = -4.72748E+00 MeV  Emin = 4.86384E+00 MeV  : (n,p) to continuum
  37    MT =    650  Q = -4.14581E+00 MeV  Emin = 4.26540E+00 MeV  : (n,d) to ground state
  38    MT =    651  Q = -6.27311E+00 MeV  Emin = 6.45406E+00 MeV  : (n,d1)
  39    MT =    652  Q = -7.44901E+00 MeV  Emin = 7.66388E+00 MeV  : (n,d2)
  40    MT =    653  Q = -8.06001E+00 MeV  Emin = 8.29250E+00 MeV  : (n,d3)
  41    MT =    654  Q = -8.21981E+00 MeV  Emin = 8.45691E+00 MeV  : (n,d4)
  42    MT =    655  Q = -8.25991E+00 MeV  Emin = 8.50000E+00 MeV  : (n,d5)
  43    MT =    656  Q = -8.76851E+00 MeV  Emin = 9.02144E+00 MeV  : (n,d6)
  44    MT =    657  Q = -8.83341E+00 MeV  Emin = 9.08821E+00 MeV  : (n,d7)
  45    MT =    658  Q = -9.02161E+00 MeV  Emin = 9.28184E+00 MeV  : (n,d8)
  46    MT =    659  Q = -9.03511E+00 MeV  Emin = 9.29573E+00 MeV  : (n,d9)
  47    MT =    660  Q = -9.37281E+00 MeV  Emin = 9.64317E+00 MeV  : (n,d10)
  48    MT =    661  Q = -9.46381E+00 MeV  Emin = 9.73680E+00 MeV  : (n,d11)
  49    MT =    662  Q = -9.52781E+00 MeV  Emin = 9.80264E+00 MeV  : (n,d12)
  50    MT =    663  Q = -9.82581E+00 MeV  Emin = 1.01185E+01 MeV  : (n,d13)
  51    MT =    664  Q = -9.83481E+00 MeV  Emin = 1.01185E+01 MeV  : (n,d14)
  52    MT =    665  Q = -9.89881E+00 MeV  Emin = 1.01844E+01 MeV  : (n,d15)
  53    MT =    666  Q = -9.99381E+00 MeV  Emin = 1.02821E+01 MeV  : (n,d16)
  54    MT =    667  Q = -1.01388E+01 MeV  Emin = 1.04392E+01 MeV  : (n,d17)
  55    MT =    668  Q = -1.02658E+01 MeV  Emin = 1.05619E+01 MeV  : (n,d18)
  56    MT =    669  Q = -1.03193E+01 MeV  Emin = 1.06170E+01 MeV  : (n,d19)
  57    MT =    670  Q = -1.03958E+01 MeV  Emin = 1.06957E+01 MeV  : (n,d20)
  58    MT =    671  Q = -1.03968E+01 MeV  Emin = 1.06967E+01 MeV  : (n,d21)
  59    MT =    672  Q = -1.04908E+01 MeV  Emin = 1.07934E+01 MeV  : (n,d22)
  60    MT =    673  Q = -1.05618E+01 MeV  Emin = 1.08665E+01 MeV  : (n,d23)
  61    MT =    674  Q = -1.06258E+01 MeV  Emin = 1.09323E+01 MeV  : (n,d24)
  62    MT =    675  Q = -1.06788E+01 MeV  Emin = 1.09869E+01 MeV  : (n,d25)
  63    MT =    676  Q = -1.07848E+01 MeV  Emin = 1.10959E+01 MeV  : (n,d26)
  64    MT =    677  Q = -1.08288E+01 MeV  Emin = 1.11412E+01 MeV  : (n,d27)
  65    MT =    678  Q = -1.08338E+01 MeV  Emin = 1.11463E+01 MeV  : (n,d28)
  66    MT =    679  Q = -1.08748E+01 MeV  Emin = 1.11885E+01 MeV  : (n,d29)
  67    MT =    680  Q = -1.08878E+01 MeV  Emin = 1.12019E+01 MeV  : (n,d30)
  68    MT =    699  Q = -1.08878E+01 MeV  Emin = 1.12019E+01 MeV  : (n,d) to continuum
  69    MT =    700  Q = -9.30564E+00 MeV  Emin = 9.57406E+00 MeV  : (n,t) to ground state
  70    MT =    701  Q = -1.01466E+01 MeV  Emin = 1.04392E+01 MeV  : (n,t1)
  71    MT =    702  Q = -1.12719E+01 MeV  Emin = 1.15971E+01 MeV  : (n,t2)
  72    MT =    703  Q = -1.16181E+01 MeV  Emin = 1.19533E+01 MeV  : (n,t3)
  73    MT =    704  Q = -1.21720E+01 MeV  Emin = 1.25231E+01 MeV  : (n,t4)
  74    MT =    705  Q = -1.22393E+01 MeV  Emin = 1.25924E+01 MeV  : (n,t5)
  75    MT =    706  Q = -1.22742E+01 MeV  Emin = 1.26283E+01 MeV  : (n,t6)
  76    MT =    707  Q = -1.25255E+01 MeV  Emin = 1.28869E+01 MeV  : (n,t7)
  77    MT =    708  Q = -1.31372E+01 MeV  Emin = 1.35162E+01 MeV  : (n,t8)
  78    MT =    709  Q = -1.32402E+01 MeV  Emin = 1.36222E+01 MeV  : (n,t9)
  79    MT =    710  Q = -1.33532E+01 MeV  Emin = 1.37440E+01 MeV  : (n,t10)
  80    MT =    711  Q = -1.33586E+01 MeV  Emin = 1.37440E+01 MeV  : (n,t11)
  81    MT =    712  Q = -1.33996E+01 MeV  Emin = 1.37862E+01 MeV  : (n,t12)
  82    MT =    713  Q = -1.34493E+01 MeV  Emin = 1.38373E+01 MeV  : (n,t13)
  83    MT =    714  Q = -1.35160E+01 MeV  Emin = 1.39059E+01 MeV  : (n,t14)
  84    MT =    715  Q = -1.36805E+01 MeV  Emin = 1.40752E+01 MeV  : (n,t15)
  85    MT =    716  Q = -1.37301E+01 MeV  Emin = 1.41262E+01 MeV  : (n,t16)
  86    MT =    717  Q = -1.40350E+01 MeV  Emin = 1.44399E+01 MeV  : (n,t17)
  87    MT =    718  Q = -1.40516E+01 MeV  Emin = 1.44570E+01 MeV  : (n,t18)
  88    MT =    719  Q = -1.41713E+01 MeV  Emin = 1.45801E+01 MeV  : (n,t19)
  89    MT =    720  Q = -1.42246E+01 MeV  Emin = 1.46350E+01 MeV  : (n,t20)
  90    MT =    721  Q = -1.42476E+01 MeV  Emin = 1.46586E+01 MeV  : (n,t21)
  91    MT =    722  Q = -1.44826E+01 MeV  Emin = 1.49004E+01 MeV  : (n,t22)
  92    MT =    723  Q = -1.45146E+01 MeV  Emin = 1.49333E+01 MeV  : (n,t23)
  93    MT =    724  Q = -1.45786E+01 MeV  Emin = 1.50000E+01 MeV  : (n,t24)
  94    MT =    725  Q = -1.45876E+01 MeV  Emin = 1.50084E+01 MeV  : (n,t25)
  95    MT =    726  Q = -1.46426E+01 MeV  Emin = 1.50650E+01 MeV  : (n,t26)
  96    MT =    727  Q = -1.46526E+01 MeV  Emin = 1.50753E+01 MeV  : (n,t27)
  97    MT =    728  Q = -1.47006E+01 MeV  Emin = 1.51247E+01 MeV  : (n,t28)
  98    MT =    729  Q = -1.47807E+01 MeV  Emin = 1.52071E+01 MeV  : (n,t29)
  99    MT =    730  Q = -1.49026E+01 MeV  Emin = 1.53325E+01 MeV  : (n,t30)
 100    MT =    749  Q = -1.49026E+01 MeV  Emin = 1.53325E+01 MeV  : (n,t) to continuum
 101    MT =    800  Q =  9.38230E-01 MeV  Emin = 1.00000E-11 MeV  : (n,alpha) to ground state
 102    MT =    801  Q =  8.60130E-01 MeV  Emin = 9.99670E-01 MeV  : (n,a1)
 103    MT =    802  Q =  4.25230E-01 MeV  Emin = 1.00000E+00 MeV  : (n,a2)
 104    MT =    803  Q = -2.11470E-01 MeV  Emin = 1.00000E+00 MeV  : (n,a3)
 105    MT =    804  Q = -3.84970E-01 MeV  Emin = 1.00000E+00 MeV  : (n,a4)
 106    MT =    805  Q = -8.16270E-01 MeV  Emin = 1.00000E+00 MeV  : (n,a5)
 107    MT =    806  Q = -1.23957E+00 MeV  Emin = 1.27533E+00 MeV  : (n,a6)
 108    MT =    807  Q = -1.28067E+00 MeV  Emin = 1.31761E+00 MeV  : (n,a7)
 109    MT =    808  Q = -1.29157E+00 MeV  Emin = 1.32883E+00 MeV  : (n,a8)
 110    MT =    809  Q = -1.71957E+00 MeV  Emin = 1.76917E+00 MeV  : (n,a9)
 111    MT =    810  Q = -1.80647E+00 MeV  Emin = 1.85858E+00 MeV  : (n,a10)
 112    MT =    811  Q = -2.06657E+00 MeV  Emin = 2.12618E+00 MeV  : (n,a11)
 113    MT =    812  Q = -2.21117E+00 MeV  Emin = 2.27495E+00 MeV  : (n,a12)
 114    MT =    813  Q = -2.32577E+00 MeV  Emin = 2.39286E+00 MeV  : (n,a13)
 115    MT =    814  Q = -2.38407E+00 MeV  Emin = 2.45284E+00 MeV  : (n,a14)
 116    MT =    815  Q = -2.50477E+00 MeV  Emin = 2.57908E+00 MeV  : (n,a15)
 117    MT =    816  Q = -2.50677E+00 MeV  Emin = 2.57908E+00 MeV  : (n,a16)
 118    MT =    817  Q = -2.85867E+00 MeV  Emin = 2.94113E+00 MeV  : (n,a17)
 119    MT =    818  Q = -2.94177E+00 MeV  Emin = 3.02663E+00 MeV  : (n,a18)
 120    MT =    819  Q = -3.05127E+00 MeV  Emin = 3.13928E+00 MeV  : (n,a19)
 121    MT =    820  Q = -3.06887E+00 MeV  Emin = 3.15739E+00 MeV  : (n,a20)
 122    MT =    849  Q = -3.06887E+00 MeV  Emin = 3.15739E+00 MeV  : (n,alpha) to continuum
 123    MT =      4  Q =  0.00000E+00 MeV  Emin = 1.25462E+00 MeV  : total inelastic scattering

 Nuclide    5 / 8 : 17037.01c -- chlorine 37 (Cl-37)

 Pointers                     : 23040 18309629
 Primary type                 : Transport
 Nuclide ZAI                  : 170370
 Library ID                   : 01c
 Cross section data file      : /opt/MCNP_DATA/Lib80x/Cl/17037.801nc
 Atomic weight (AW)           : 36.96590
 Atomic weight ratio (AWR)    : 36.64830
 Temperature                  : 773.1 Kelvin
 XS temperature               : 773.1 Kelvin
 Minimum and maximum energy   : 1.00000E-11 2.00000E+01
 Half-life                    : stable
 Specific ingestion toxicity  : N/A
 Specific inhalation toxicity : N/A

 - Nuclide is present in initial composition
 - Nuclide is not produced in transmutation
 - Nuclide is not produced in decay
 - Nuclide is not produced in fission
 - Nuclide has neutron transport data
 - Nuclide has no photon transport data
 - Nuclide has no S(a,b) data
 - Nuclide has isomeric branching data
 - Nuclide is not fissile
 - Nuclide is not a delayed neutron precursor
 - Nuclide has no delayed neutron data
 - Nuclide has no ures ptable data
 - Nuclide temperature is not adjusted with TMS
 - Nuclide has no dosimetry data
 - Nuclide has decay data
 - Nuclide has no supplementary transmutation cross section data
 - Nuclide has no NFY data
 - Nuclide has no SFY data

 - 39 reaction channels
 - 44 special reactions
 - No transmutation reactions
 - 1 transmutation branch reactions
 - No decay reactions
 - No decay branch reactions
 - No transmutation paths

 39 reactions channel:

   1    MT =      2  Q =  0.00000E+00 MeV  Emin = 1.00000E-11 MeV  frac = 1.00000E+00  Product nuclide = self          : elastic scattering
   2    MT =     16  Q = -1.03111E+01 MeV  Emin = 1.05925E+01 MeV  frac = 1.00000E+00  Product nuclide = cut: Cl-36    : (n,2n)
   3    MT =     17  Q = -1.88908E+01 MeV  Emin = 1.94063E+01 MeV  frac = 1.00000E+00  Product nuclide = cut: Cl-35    : (n,3n)
   4    MT =     22  Q = -7.84859E+00 MeV  Emin = 8.06275E+00 MeV  frac = 1.00000E+00  Product nuclide = cut: P-33     : (n,nalpha)
   5    MT =     28  Q = -8.38656E+00 MeV  Emin = 8.61540E+00 MeV  frac = 1.00000E+00  Product nuclide = cut: S-36     : (n,np)
   6    MT =     32  Q = -1.60507E+01 MeV  Emin = 1.64887E+01 MeV  frac = 1.00000E+00  Product nuclide = cut: S-35     : (n,nd)
   7    MT =     51  Q = -1.72658E+00 MeV  Emin = 1.77369E+00 MeV  frac = 1.00000E+00  Product nuclide = self          : inelastic scatt. to 1. excited state
   8    MT =     52  Q = -3.08614E+00 MeV  Emin = 3.17035E+00 MeV  frac = 1.00000E+00  Product nuclide = self          : inelastic scatt. to 2. excited state
   9    MT =     53  Q = -3.10350E+00 MeV  Emin = 3.18818E+00 MeV  frac = 1.00000E+00  Product nuclide = self          : inelastic scatt. to 3. excited state
  10    MT =     54  Q = -3.62682E+00 MeV  Emin = 3.72578E+00 MeV  frac = 1.00000E+00  Product nuclide = self          : inelastic scatt. to 4. excited state
  11    MT =     55  Q = -3.70779E+00 MeV  Emin = 3.80896E+00 MeV  frac = 1.00000E+00  Product nuclide = self          : inelastic scatt. to 5. excited state
  12    MT =     56  Q = -3.74122E+00 MeV  Emin = 3.84330E+00 MeV  frac = 1.00000E+00  Product nuclide = self          : inelastic scatt. to 6. excited state
  13    MT =     57  Q = -4.00987E+00 MeV  Emin = 4.11929E+00 MeV  frac = 1.00000E+00  Product nuclide = self          : inelastic scatt. to 7. excited state
  14    MT =     58  Q = -4.01629E+00 MeV  Emin = 4.12588E+00 MeV  frac = 1.00000E+00  Product nuclide = self          : inelastic scatt. to 8. excited state
  15    MT =     59  Q = -4.17664E+00 MeV  Emin = 4.29061E+00 MeV  frac = 1.00000E+00  Product nuclide = self          : inelastic scatt. to 9. excited state
  16    MT =     60  Q = -4.26887E+00 MeV  Emin = 4.38535E+00 MeV  frac = 1.00000E+00  Product nuclide = self          : inelastic scatt. to 10. excited state
  17    MT =     61  Q = -4.27259E+00 MeV  Emin = 4.38917E+00 MeV  frac = 1.00000E+00  Product nuclide = self          : inelastic scatt. to 11. excited state
  18    MT =     62  Q = -4.39630E+00 MeV  Emin = 4.51626E+00 MeV  frac = 1.00000E+00  Product nuclide = self          : inelastic scatt. to 12. excited state
  19    MT =     63  Q = -4.45997E+00 MeV  Emin = 4.58167E+00 MeV  frac = 1.00000E+00  Product nuclide = self          : inelastic scatt. to 13. excited state
  20    MT =     64  Q = -4.54560E+00 MeV  Emin = 4.66963E+00 MeV  frac = 1.00000E+00  Product nuclide = self          : inelastic scatt. to 14. excited state
  21    MT =     65  Q = -4.80121E+00 MeV  Emin = 4.93222E+00 MeV  frac = 1.00000E+00  Product nuclide = self          : inelastic scatt. to 15. excited state
  22    MT =     66  Q = -4.81090E+00 MeV  Emin = 4.94217E+00 MeV  frac = 1.00000E+00  Product nuclide = self          : inelastic scatt. to 16. excited state
  23    MT =     67  Q = -4.83761E+00 MeV  Emin = 4.96961E+00 MeV  frac = 1.00000E+00  Product nuclide = self          : inelastic scatt. to 17. excited state
  24    MT =     68  Q = -4.85396E+00 MeV  Emin = 4.98641E+00 MeV  frac = 1.00000E+00  Product nuclide = self          : inelastic scatt. to 18. excited state
  25    MT =     69  Q = -4.90420E+00 MeV  Emin = 5.03802E+00 MeV  frac = 1.00000E+00  Product nuclide = self          : inelastic scatt. to 19. excited state
  26    MT =     70  Q = -4.92060E+00 MeV  Emin = 5.05487E+00 MeV  frac = 1.00000E+00  Product nuclide = self          : inelastic scatt. to 20. excited state
  27    MT =     71  Q = -4.92300E+00 MeV  Emin = 5.05733E+00 MeV  frac = 1.00000E+00  Product nuclide = self          : inelastic scatt. to 21. excited state
  28    MT =     72  Q = -4.96080E+00 MeV  Emin = 5.09616E+00 MeV  frac = 1.00000E+00  Product nuclide = self          : inelastic scatt. to 22. excited state
  29    MT =     73  Q = -4.97400E+00 MeV  Emin = 5.10972E+00 MeV  frac = 1.00000E+00  Product nuclide = self          : inelastic scatt. to 23. excited state
  30    MT =     74  Q = -5.00930E+00 MeV  Emin = 5.14599E+00 MeV  frac = 1.00000E+00  Product nuclide = self          : inelastic scatt. to 24. excited state
  31    MT =     75  Q = -5.05520E+00 MeV  Emin = 5.19314E+00 MeV  frac = 1.00000E+00  Product nuclide = self          : inelastic scatt. to 25. excited state
  32    MT =     76  Q = -5.05910E+00 MeV  Emin = 5.19715E+00 MeV  frac = 1.00000E+00  Product nuclide = self          : inelastic scatt. to 26. excited state
  33    MT =     77  Q = -5.14300E+00 MeV  Emin = 5.28334E+00 MeV  frac = 1.00000E+00  Product nuclide = self          : inelastic scatt. to 27. excited state
  34    MT =     91  Q = -5.14300E+00 MeV  Emin = 5.28334E+00 MeV  frac = 1.00000E+00  Product nuclide = self          : inelastic scattering to continuum
  35    MT =    102  Q =  6.10800E+00 MeV  Emin = 1.00000E-11 MeV  frac = 1.00000E+00  Product nuclide = cut: Cl-38    : (n,gamma)
  36    MT =    103  Q =  0.00000E+00 MeV  Emin = 4.19436E+00 MeV  frac = 1.00000E+00  Product nuclide = cut: S-37     : (n,p)
  37    MT =    104  Q =  0.00000E+00 MeV  Emin = 6.33011E+00 MeV  frac = 1.00000E+00  Product nuclide = cut: S-36     : (n,d)
  38    MT =    105  Q =  0.00000E+00 MeV  Emin = 1.00606E+01 MeV  frac = 1.00000E+00  Product nuclide = cut: S-35     : (n,t)
  39    MT =    107  Q =  0.00000E+00 MeV  Emin = 1.60011E+00 MeV  frac = 1.00000E+00  Product nuclide = cut: P-34     : (n,alpha)

 1 additional transport branch:

   1    MT =    102  Q =  6.10800E+00 MeV  Emin = 1.00000E-11 MeV  frac = 1.00000E+00  Product nuclide = cut: Cl-38m   : (n,gamma)

 44 special reactions:

   1    MT =    203  Q =  0.00000E+00 MeV  Emin = 4.19436E+00 MeV  : total proton production
   2    MT =    204  Q =  0.00000E+00 MeV  Emin = 6.33011E+00 MeV  : total deuteron production
   3    MT =    205  Q =  0.00000E+00 MeV  Emin = 1.00606E+01 MeV  : total triton production
   4    MT =    207  Q =  0.00000E+00 MeV  Emin = 1.60011E+00 MeV  : total alpha production
   5    MT =    444  Q =  0.00000E+00 MeV  Emin = 1.00000E-11 MeV  : damage-energy production
   6    MT =    649  Q = -4.08295E+00 MeV  Emin = 4.19436E+00 MeV  : (n,p) to continuum
   7    MT =    650  Q = -6.16197E+00 MeV  Emin = 6.33011E+00 MeV  : (n,d) to ground state
   8    MT =    651  Q = -9.45297E+00 MeV  Emin = 9.71901E+00 MeV  : (n,d1)
   9    MT =    652  Q = -9.50797E+00 MeV  Emin = 9.76741E+00 MeV  : (n,d2)
  10    MT =    653  Q = -1.03545E+01 MeV  Emin = 1.06370E+01 MeV  : (n,d3)
  11    MT =    654  Q = -1.06850E+01 MeV  Emin = 1.09765E+01 MeV  : (n,d4)
  12    MT =    655  Q = -1.07372E+01 MeV  Emin = 1.10302E+01 MeV  : (n,d5)
  13    MT =    656  Q = -1.14132E+01 MeV  Emin = 1.17246E+01 MeV  : (n,d6)
  14    MT =    657  Q = -1.15534E+01 MeV  Emin = 1.18686E+01 MeV  : (n,d7)
  15    MT =    658  Q = -1.16711E+01 MeV  Emin = 1.20000E+01 MeV  : (n,d8)
  16    MT =    659  Q = -1.17351E+01 MeV  Emin = 1.20553E+01 MeV  : (n,d9)
  17    MT =    660  Q = -1.23489E+01 MeV  Emin = 1.26858E+01 MeV  : (n,d10)
  18    MT =    661  Q = -1.23872E+01 MeV  Emin = 1.27252E+01 MeV  : (n,d11)
  19    MT =    699  Q = -1.23872E+01 MeV  Emin = 1.27252E+01 MeV  : (n,d) to continuum
  20    MT =    700  Q = -9.79340E+00 MeV  Emin = 1.00606E+01 MeV  : (n,t) to ground state
  21    MT =    701  Q = -1.13657E+01 MeV  Emin = 1.16758E+01 MeV  : (n,t1)
  22    MT =    702  Q = -1.17846E+01 MeV  Emin = 1.21062E+01 MeV  : (n,t2)
  23    MT =    703  Q = -1.21409E+01 MeV  Emin = 1.24722E+01 MeV  : (n,t3)
  24    MT =    704  Q = -1.25109E+01 MeV  Emin = 1.28523E+01 MeV  : (n,t4)
  25    MT =    705  Q = -1.27326E+01 MeV  Emin = 1.30800E+01 MeV  : (n,t5)
  26    MT =    706  Q = -1.32144E+01 MeV  Emin = 1.35750E+01 MeV  : (n,t6)
  27    MT =    707  Q = -1.33542E+01 MeV  Emin = 1.37186E+01 MeV  : (n,t7)
  28    MT =    708  Q = -1.33904E+01 MeV  Emin = 1.37558E+01 MeV  : (n,t8)
  29    MT =    709  Q = -1.34684E+01 MeV  Emin = 1.38359E+01 MeV  : (n,t9)
  30    MT =    710  Q = -1.35956E+01 MeV  Emin = 1.39666E+01 MeV  : (n,t10)
  31    MT =    711  Q = -1.36115E+01 MeV  Emin = 1.39829E+01 MeV  : (n,t11)
  32    MT =    712  Q = -1.36794E+01 MeV  Emin = 1.40527E+01 MeV  : (n,t12)
  33    MT =    713  Q = -1.37004E+01 MeV  Emin = 1.40742E+01 MeV  : (n,t13)
  34    MT =    714  Q = -1.38154E+01 MeV  Emin = 1.41924E+01 MeV  : (n,t14)
  35    MT =    715  Q = -1.38214E+01 MeV  Emin = 1.41985E+01 MeV  : (n,t15)
  36    MT =    749  Q = -1.38214E+01 MeV  Emin = 1.41985E+01 MeV  : (n,t) to continuum
  37    MT =    800  Q = -1.55761E+00 MeV  Emin = 1.60011E+00 MeV  : (n,alpha) to ground state
  38    MT =    801  Q = -1.98668E+00 MeV  Emin = 2.04089E+00 MeV  : (n,a1)
  39    MT =    802  Q = -3.16521E+00 MeV  Emin = 3.25158E+00 MeV  : (n,a2)
  40    MT =    803  Q = -3.78261E+00 MeV  Emin = 3.88583E+00 MeV  : (n,a3)
  41    MT =    804  Q = -3.86661E+00 MeV  Emin = 3.97212E+00 MeV  : (n,a4)
  42    MT =    805  Q = -4.90261E+00 MeV  Emin = 5.03639E+00 MeV  : (n,a5)
  43    MT =    849  Q = -4.90261E+00 MeV  Emin = 5.03639E+00 MeV  : (n,alpha) to continuum
  44    MT =      4  Q =  0.00000E+00 MeV  Emin = 1.77369E+00 MeV  : total inelastic scattering

 Nuclide    6 / 8 : 92234.01c -- uranium 234 (U-234)

 Pointers                     : 29350 18553616
 Primary type                 : Transport
 Nuclide ZAI                  : 922340
 Library ID                   : 01c
 Cross section data file      : /opt/MCNP_DATA/Lib80x/U/92234.801nc
 Atomic weight (AW)           : 234.04094
 Atomic weight ratio (AWR)    : 232.03040
 Temperature                  : 773.1 Kelvin
 XS temperature               : 773.1 Kelvin
 Minimum and maximum energy   : 1.00000E-11 3.00000E+01
 Half-life                    : 7.75E+12 seconds (245,668 years)
 Specific ingestion toxicity  : 4.90E-08 Sv/Bq
 Specific inhalation toxicity : 9.40E-06 Sv/Bq
 Energy deposited per fission : 200.63 MeV
 Spontaneous fission nubar    : 1.80000

 - Nuclide is present in initial composition
 - Nuclide is not produced in transmutation
 - Nuclide is not produced in decay
 - Nuclide is not produced in fission
 - Nuclide has neutron transport data
 - Nuclide has no photon transport data
 - Nuclide has no S(a,b) data
 - Nuclide has isomeric branching data
 - Nuclide is fissile
 - Nuclide is not a delayed neutron precursor
 - Nuclide has delayed neutron data in 6 precursor groups
 - Nuclide has ures ptable data but it is not used
 - Nuclide temperature is not adjusted with TMS
 - Nuclide has no dosimetry data
 - Nuclide has decay data
 - Nuclide has no supplementary transmutation cross section data
 - Nuclide has NFY data 
 - Nuclide has no SFY data

 - 50 reaction channels
 - 2 special reactions
 - No transmutation reactions
 - 1 transmutation branch reactions
 - 2 decay reactions
 - No decay branch reactions
 - No transmutation paths
 - All reaction paths linked to target

 50 reactions channel:

   1    MT =      2  Q =  0.00000E+00 MeV  Emin = 1.00000E-11 MeV  frac = 1.00000E+00  Product nuclide = self          : elastic scattering
   2    MT =     16  Q = -6.84450E+00 MeV  Emin = 6.87400E+00 MeV  frac = 1.00000E+00  Product nuclide = cut: U-233    : (n,2n)
   3    MT =     17  Q = -1.25879E+01 MeV  Emin = 1.26422E+01 MeV  frac = 1.00000E+00  Product nuclide = cut: U-232    : (n,3n)
   4    MT =     19  Q =  1.91840E+02 MeV  Emin = 1.00000E-11 MeV  frac = 1.00000E+00  NFY (E = 5.00000E-01 MeV)     : (n,f)
   5    MT =     20  Q =  1.91840E+02 MeV  Emin = 1.10000E+00 MeV  frac = 1.00000E+00  NFY (E = 5.00000E-01 MeV)     : (n,nf)
   6    MT =     21  Q =  1.91840E+02 MeV  Emin = 7.20000E+00 MeV  frac = 1.00000E+00  NFY (E = 5.00000E-01 MeV)     : (n,2nf)
   7    MT =     37  Q = -1.98522E+01 MeV  Emin = 1.99378E+01 MeV  frac = 1.00000E+00  Product nuclide = cut: U-231    : (n,4n)
   8    MT =     38  Q =  1.91840E+02 MeV  Emin = 1.30000E+01 MeV  frac = 1.00000E+00  NFY (E = 5.00000E-01 MeV)     : (n,3nf)
   9    MT =     51  Q = -4.35000E-02 MeV  Emin = 4.36875E-02 MeV  frac = 1.00000E+00  Product nuclide = self          : inelastic scatt. to 1. excited state
  10    MT =     52  Q = -1.43300E-01 MeV  Emin = 1.43918E-01 MeV  frac = 1.00000E+00  Product nuclide = self          : inelastic scatt. to 2. excited state
  11    MT =     53  Q = -2.96000E-01 MeV  Emin = 2.97276E-01 MeV  frac = 1.00000E+00  Product nuclide = self          : inelastic scatt. to 3. excited state
  12    MT =     54  Q = -4.97000E-01 MeV  Emin = 4.99142E-01 MeV  frac = 1.00000E+00  Product nuclide = self          : inelastic scatt. to 4. excited state
  13    MT =     55  Q = -7.41200E-01 MeV  Emin = 7.44394E-01 MeV  frac = 1.00000E+00  Product nuclide = self          : inelastic scatt. to 5. excited state
  14    MT =     56  Q = -7.86300E-01 MeV  Emin = 7.89689E-01 MeV  frac = 1.00000E+00  Product nuclide = self          : inelastic scatt. to 6. excited state
  15    MT =     57  Q = -8.09900E-01 MeV  Emin = 8.13391E-01 MeV  frac = 1.00000E+00  Product nuclide = self          : inelastic scatt. to 7. excited state
  16    MT =     58  Q = -8.49300E-01 MeV  Emin = 8.52960E-01 MeV  frac = 1.00000E+00  Product nuclide = self          : inelastic scatt. to 8. excited state
  17    MT =     59  Q = -8.51700E-01 MeV  Emin = 8.55371E-01 MeV  frac = 1.00000E+00  Product nuclide = self          : inelastic scatt. to 9. excited state
  18    MT =     60  Q = -9.26700E-01 MeV  Emin = 9.30694E-01 MeV  frac = 1.00000E+00  Product nuclide = self          : inelastic scatt. to 10. excited state
  19    MT =     61  Q = -9.47800E-01 MeV  Emin = 9.51885E-01 MeV  frac = 1.00000E+00  Product nuclide = self          : inelastic scatt. to 11. excited state
  20    MT =     62  Q = -9.62600E-01 MeV  Emin = 9.66749E-01 MeV  frac = 1.00000E+00  Product nuclide = self          : inelastic scatt. to 12. excited state
  21    MT =     63  Q = -9.69100E-01 MeV  Emin = 9.73277E-01 MeV  frac = 1.00000E+00  Product nuclide = self          : inelastic scatt. to 13. excited state
  22    MT =     64  Q = -9.89500E-01 MeV  Emin = 9.93765E-01 MeV  frac = 1.00000E+00  Product nuclide = self          : inelastic scatt. to 14. excited state
  23    MT =     65  Q = -1.02360E+00 MeV  Emin = 1.02801E+00 MeV  frac = 1.00000E+00  Product nuclide = self          : inelastic scatt. to 15. excited state
  24    MT =     66  Q = -1.02380E+00 MeV  Emin = 1.02821E+00 MeV  frac = 1.00000E+00  Product nuclide = self          : inelastic scatt. to 16. excited state
  25    MT =     67  Q = -1.02400E+00 MeV  Emin = 1.02841E+00 MeV  frac = 1.00000E+00  Product nuclide = self          : inelastic scatt. to 17. excited state
  26    MT =     68  Q = -1.04450E+00 MeV  Emin = 1.04900E+00 MeV  frac = 1.00000E+00  Product nuclide = self          : inelastic scatt. to 18. excited state
  27    MT =     69  Q = -1.06910E+00 MeV  Emin = 1.07371E+00 MeV  frac = 1.00000E+00  Product nuclide = self          : inelastic scatt. to 19. excited state
  28    MT =     70  Q = -1.08540E+00 MeV  Emin = 1.09008E+00 MeV  frac = 1.00000E+00  Product nuclide = self          : inelastic scatt. to 20. excited state
  29    MT =     71  Q = -1.09160E+00 MeV  Emin = 1.09631E+00 MeV  frac = 1.00000E+00  Product nuclide = self          : inelastic scatt. to 21. excited state
  30    MT =     72  Q = -1.17000E+00 MeV  Emin = 1.17504E+00 MeV  frac = 1.00000E+00  Product nuclide = self          : inelastic scatt. to 22. excited state
  31    MT =     73  Q = -1.25000E+00 MeV  Emin = 1.25539E+00 MeV  frac = 1.00000E+00  Product nuclide = self          : inelastic scatt. to 23. excited state
  32    MT =     74  Q = -1.44000E+00 MeV  Emin = 1.44621E+00 MeV  frac = 1.00000E+00  Product nuclide = self          : inelastic scatt. to 24. excited state
  33    MT =     75  Q = -1.59000E+00 MeV  Emin = 1.59685E+00 MeV  frac = 1.00000E+00  Product nuclide = self          : inelastic scatt. to 25. excited state
  34    MT =     76  Q = -1.75000E+00 MeV  Emin = 1.75754E+00 MeV  frac = 1.00000E+00  Product nuclide = self          : inelastic scatt. to 26. excited state
  35    MT =     77  Q = -1.85000E+00 MeV  Emin = 1.85797E+00 MeV  frac = 1.00000E+00  Product nuclide = self          : inelastic scatt. to 27. excited state
  36    MT =     78  Q = -1.95000E+00 MeV  Emin = 1.95840E+00 MeV  frac = 1.00000E+00  Product nuclide = self          : inelastic scatt. to 28. excited state
  37    MT =     79  Q = -2.15000E+00 MeV  Emin = 2.15927E+00 MeV  frac = 1.00000E+00  Product nuclide = self          : inelastic scatt. to 29. excited state
  38    MT =     80  Q = -2.30000E+00 MeV  Emin = 2.30991E+00 MeV  frac = 1.00000E+00  Product nuclide = self          : inelastic scatt. to 30. excited state
  39    MT =     81  Q = -2.39000E+00 MeV  Emin = 2.40030E+00 MeV  frac = 1.00000E+00  Product nuclide = self          : inelastic scatt. to 31. excited state
  40    MT =     82  Q = -2.49280E+00 MeV  Emin = 2.50354E+00 MeV  frac = 1.00000E+00  Product nuclide = self          : inelastic scatt. to 32. excited state
  41    MT =     83  Q = -2.94000E+00 MeV  Emin = 2.95267E+00 MeV  frac = 1.00000E+00  Product nuclide = self          : inelastic scatt. to 33. excited state
  42    MT =     84  Q = -3.18900E+00 MeV  Emin = 3.20275E+00 MeV  frac = 1.00000E+00  Product nuclide = self          : inelastic scatt. to 34. excited state
  43    MT =     85  Q = -3.38800E+00 MeV  Emin = 3.40260E+00 MeV  frac = 1.00000E+00  Product nuclide = self          : inelastic scatt. to 35. excited state
  44    MT =     86  Q = -3.53800E+00 MeV  Emin = 3.55325E+00 MeV  frac = 1.00000E+00  Product nuclide = self          : inelastic scatt. to 36. excited state
  45    MT =     87  Q = -3.63700E+00 MeV  Emin = 3.65268E+00 MeV  frac = 1.00000E+00  Product nuclide = self          : inelastic scatt. to 37. excited state
  46    MT =     88  Q = -3.73700E+00 MeV  Emin = 3.75311E+00 MeV  frac = 1.00000E+00  Product nuclide = self          : inelastic scatt. to 38. excited state
  47    MT =     89  Q = -3.83700E+00 MeV  Emin = 3.85354E+00 MeV  frac = 1.00000E+00  Product nuclide = self          : inelastic scatt. to 39. excited state
  48    MT =     90  Q = -3.90900E+00 MeV  Emin = 3.92585E+00 MeV  frac = 1.00000E+00  Product nuclide = self          : inelastic scatt. to 40. excited state
  49    MT =     91  Q = -1.15000E+00 MeV  Emin = 1.15496E+00 MeV  frac = 1.00000E+00  Product nuclide = self          : inelastic scattering to continuum
  50    MT =    102  Q =  5.29780E+00 MeV  Emin = 1.00000E-11 MeV  frac = 1.00000E+00  Product nuclide = cut: U-235    : (n,gamma)

 1 additional transport branch:

   1    MT =    102  Q =  5.29780E+00 MeV  Emin = 1.00000E-11 MeV  frac = 1.00000E+00  Product nuclide = cut: U-235m   : (n,gamma)

 2 special reactions:

   1    MT =    444  Q =  0.00000E+00 MeV  Emin = 1.00000E-11 MeV  : damage-energy production
   2    MT =      4  Q =  0.00000E+00 MeV  Emin = 4.36875E-02 MeV  : total inelastic scattering

 2 decay reactions:

   1  RTYP = 6     Q =  1.76100E+02 MeV  frac = 1.70000E-11  SF without yield                : spontaneous fission
   2  RTYP = 4     Q =  4.85770E+00 MeV  frac = 1.00000E+00  Product nuclide = cut: Th-230   : alpha

 Nuclide    7 / 8 : 92235.01c -- uranium 235 (U-235)

 Pointers                     : 54570 19013781
 Primary type                 : Transport
 Nuclide ZAI                  : 922350
 Library ID                   : 01c
 Cross section data file      : /opt/MCNP_DATA/Lib80x/U/92235.801nc
 Atomic weight (AW)           : 235.04394
 Atomic weight ratio (AWR)    : 233.02480
 Temperature                  : 773.1 Kelvin
 XS temperature               : 773.1 Kelvin
 Minimum and maximum energy   : 1.00000E-11 3.00000E+01
 Half-life                    : 2.22E+16 seconds (704 million years)
 Specific ingestion toxicity  : 4.70E-08 Sv/Bq
 Specific inhalation toxicity : 8.50E-06 Sv/Bq
 Energy deposited per fission : 202.27 MeV
 Spontaneous fission nubar    : 1.87000

 - Nuclide is present in initial composition
 - Nuclide is not produced in transmutation
 - Nuclide is not produced in decay
 - Nuclide is not produced in fission
 - Nuclide has neutron transport data
 - Nuclide has no photon transport data
 - Nuclide has no S(a,b) data
 - Nuclide has no isomeric branching data
 - Nuclide is fissile
 - Nuclide is not a delayed neutron precursor
 - Nuclide has delayed neutron data in 6 precursor groups
 - Nuclide has ures ptable data but it is not used
 - Nuclide temperature is not adjusted with TMS
 - Nuclide has no dosimetry data
 - Nuclide has decay data
 - Nuclide has no supplementary transmutation cross section data
 - Nuclide has NFY data 
 - Nuclide has no SFY data

 - 48 reaction channels
 - 44 special reactions
 - No transmutation reactions
 - No transmutation branch reactions
 - 2 decay reactions
 - No decay branch reactions
 - No transmutation paths
 - All reaction paths linked to target

 48 reactions channel:

   1    MT =      2  Q =  0.00000E+00 MeV  Emin = 1.00000E-11 MeV  frac = 1.00000E+00  Product nuclide = self          : elastic scattering
   2    MT =      5  Q =  1.11165E+01 MeV  Emin = 1.00000E-11 MeV  frac = 1.00000E+00  Product nuclide = self          : anything
   3    MT =     16  Q = -5.29800E+00 MeV  Emin = 5.32074E+00 MeV  frac = 1.00000E+00  Product nuclide = cut: U-234    : (n,2n)
   4    MT =     17  Q = -1.21410E+01 MeV  Emin = 1.21931E+01 MeV  frac = 1.00000E+00  Product nuclide = cut: U-233    : (n,3n)
   5    MT =     18  Q =  1.93405E+02 MeV  Emin = 1.00000E-11 MeV  frac = 1.00000E+00  NFY (E = 2.53000E-08 MeV)     : total fission
   6    MT =     51  Q = -7.70000E-05 MeV  Emin = 7.73402E-05 MeV  frac = 1.00000E+00  Product nuclide = self          : inelastic scatt. to 1. excited state
   7    MT =     52  Q = -1.30400E-02 MeV  Emin = 1.30960E-02 MeV  frac = 1.00000E+00  Product nuclide = self          : inelastic scatt. to 2. excited state
   8    MT =     53  Q = -4.62070E-02 MeV  Emin = 4.64053E-02 MeV  frac = 1.00000E+00  Product nuclide = self          : inelastic scatt. to 3. excited state
   9    MT =     54  Q = -5.17090E-02 MeV  Emin = 5.19309E-02 MeV  frac = 1.00000E+00  Product nuclide = self          : inelastic scatt. to 4. excited state
  10    MT =     55  Q = -8.17380E-02 MeV  Emin = 8.20888E-02 MeV  frac = 1.00000E+00  Product nuclide = self          : inelastic scatt. to 5. excited state
  11    MT =     56  Q = -1.03035E-01 MeV  Emin = 1.03477E-01 MeV  frac = 1.00000E+00  Product nuclide = self          : inelastic scatt. to 6. excited state
  12    MT =     57  Q = -1.29296E-01 MeV  Emin = 1.29851E-01 MeV  frac = 1.00000E+00  Product nuclide = self          : inelastic scatt. to 7. excited state
  13    MT =     58  Q = -1.50467E-01 MeV  Emin = 1.51113E-01 MeV  frac = 1.00000E+00  Product nuclide = self          : inelastic scatt. to 8. excited state
  14    MT =     59  Q = -1.70708E-01 MeV  Emin = 1.71441E-01 MeV  frac = 1.00000E+00  Product nuclide = self          : inelastic scatt. to 9. excited state
  15    MT =     60  Q = -1.71388E-01 MeV  Emin = 1.72124E-01 MeV  frac = 1.00000E+00  Product nuclide = self          : inelastic scatt. to 10. excited state
  16    MT =     61  Q = -1.97119E-01 MeV  Emin = 1.97965E-01 MeV  frac = 1.00000E+00  Product nuclide = self          : inelastic scatt. to 11. excited state
  17    MT =     62  Q = -2.25423E-01 MeV  Emin = 2.26390E-01 MeV  frac = 1.00000E+00  Product nuclide = self          : inelastic scatt. to 12. excited state
  18    MT =     63  Q = -2.49130E-01 MeV  Emin = 2.50199E-01 MeV  frac = 1.00000E+00  Product nuclide = self          : inelastic scatt. to 13. excited state
  19    MT =     64  Q = -2.59000E-01 MeV  Emin = 2.60112E-01 MeV  frac = 1.00000E+00  Product nuclide = self          : inelastic scatt. to 14. excited state
  20    MT =     65  Q = -2.91144E-01 MeV  Emin = 2.92393E-01 MeV  frac = 1.00000E+00  Product nuclide = self          : inelastic scatt. to 15. excited state
  21    MT =     66  Q = -2.94669E-01 MeV  Emin = 2.95934E-01 MeV  frac = 1.00000E+00  Product nuclide = self          : inelastic scatt. to 16. excited state
  22    MT =     67  Q = -3.32845E-01 MeV  Emin = 3.34274E-01 MeV  frac = 1.00000E+00  Product nuclide = self          : inelastic scatt. to 17. excited state
  23    MT =     68  Q = -3.38520E-01 MeV  Emin = 3.39973E-01 MeV  frac = 1.00000E+00  Product nuclide = self          : inelastic scatt. to 18. excited state
  24    MT =     69  Q = -3.57300E-01 MeV  Emin = 3.58833E-01 MeV  frac = 1.00000E+00  Product nuclide = self          : inelastic scatt. to 19. excited state
  25    MT =     70  Q = -3.67069E-01 MeV  Emin = 3.68644E-01 MeV  frac = 1.00000E+00  Product nuclide = self          : inelastic scatt. to 20. excited state
  26    MT =     71  Q = -3.69000E-01 MeV  Emin = 3.70584E-01 MeV  frac = 1.00000E+00  Product nuclide = self          : inelastic scatt. to 21. excited state
  27    MT =     72  Q = -3.93225E-01 MeV  Emin = 3.94913E-01 MeV  frac = 1.00000E+00  Product nuclide = self          : inelastic scatt. to 22. excited state
  28    MT =     73  Q = -4.14779E-01 MeV  Emin = 4.16559E-01 MeV  frac = 1.00000E+00  Product nuclide = self          : inelastic scatt. to 23. excited state
  29    MT =     74  Q = -4.26755E-01 MeV  Emin = 4.28586E-01 MeV  frac = 1.00000E+00  Product nuclide = self          : inelastic scatt. to 24. excited state
  30    MT =     75  Q = -4.38600E-01 MeV  Emin = 4.40482E-01 MeV  frac = 1.00000E+00  Product nuclide = self          : inelastic scatt. to 25. excited state
  31    MT =     76  Q = -4.45716E-01 MeV  Emin = 4.47629E-01 MeV  frac = 1.00000E+00  Product nuclide = self          : inelastic scatt. to 26. excited state
  32    MT =     77  Q = -4.54500E-01 MeV  Emin = 4.56450E-01 MeV  frac = 1.00000E+00  Product nuclide = self          : inelastic scatt. to 27. excited state
  33    MT =     78  Q = -4.71300E-01 MeV  Emin = 4.73323E-01 MeV  frac = 1.00000E+00  Product nuclide = self          : inelastic scatt. to 28. excited state
  34    MT =     79  Q = -4.74297E-01 MeV  Emin = 4.76332E-01 MeV  frac = 1.00000E+00  Product nuclide = self          : inelastic scatt. to 29. excited state
  35    MT =     80  Q = -4.85000E-01 MeV  Emin = 4.87081E-01 MeV  frac = 1.00000E+00  Product nuclide = self          : inelastic scatt. to 30. excited state
  36    MT =     81  Q = -5.09920E-01 MeV  Emin = 5.12108E-01 MeV  frac = 1.00000E+00  Product nuclide = self          : inelastic scatt. to 31. excited state
  37    MT =     82  Q = -5.32400E-01 MeV  Emin = 5.34685E-01 MeV  frac = 1.00000E+00  Product nuclide = self          : inelastic scatt. to 32. excited state
  38    MT =     83  Q = -5.33228E-01 MeV  Emin = 5.35516E-01 MeV  frac = 1.00000E+00  Product nuclide = self          : inelastic scatt. to 33. excited state
  39    MT =     84  Q = -5.50400E-01 MeV  Emin = 5.52762E-01 MeV  frac = 1.00000E+00  Product nuclide = self          : inelastic scatt. to 34. excited state
  40    MT =     85  Q = -5.68000E-01 MeV  Emin = 5.70438E-01 MeV  frac = 1.00000E+00  Product nuclide = self          : inelastic scatt. to 35. excited state
  41    MT =     86  Q = -5.87800E-01 MeV  Emin = 5.90323E-01 MeV  frac = 1.00000E+00  Product nuclide = self          : inelastic scatt. to 36. excited state
  42    MT =     87  Q = -6.08080E-01 MeV  Emin = 6.10690E-01 MeV  frac = 1.00000E+00  Product nuclide = self          : inelastic scatt. to 37. excited state
  43    MT =     88  Q = -6.16400E-01 MeV  Emin = 6.19045E-01 MeV  frac = 1.00000E+00  Product nuclide = self          : inelastic scatt. to 38. excited state
  44    MT =     89  Q = -6.33170E-01 MeV  Emin = 6.35887E-01 MeV  frac = 1.00000E+00  Product nuclide = self          : inelastic scatt. to 39. excited state
  45    MT =     91  Q = -4.33739E-01 MeV  Emin = 4.35600E-01 MeV  frac = 1.00000E+00  Product nuclide = self          : inelastic scattering to continuum
  46    MT =    102  Q =  6.54443E+00 MeV  Emin = 1.00000E-11 MeV  frac = 1.00000E+00  Product nuclide = cut: U-236    : (n,gamma)
  47    MT =    103  Q =  0.00000E+00 MeV  Emin = 8.23519E-01 MeV  frac = 1.00000E+00  Product nuclide = cut: Pa-235   : (n,p)
  48    MT =    107  Q =  0.00000E+00 MeV  Emin = 1.00000E-11 MeV  frac = 1.00000E+00  Product nuclide = cut: Th-232   : (n,alpha)

 44 special reactions:

   1    MT =    203  Q =  0.00000E+00 MeV  Emin = 1.00000E-11 MeV  : total proton production
   2    MT =    204  Q =  0.00000E+00 MeV  Emin = 1.00000E-11 MeV  : total deuteron production
   3    MT =    205  Q =  0.00000E+00 MeV  Emin = 1.00000E-11 MeV  : total triton production
   4    MT =    206  Q =  0.00000E+00 MeV  Emin = 1.00000E-11 MeV  : total He-3 production
   5    MT =    207  Q =  0.00000E+00 MeV  Emin = 1.00000E-11 MeV  : total alpha production
   6    MT =    444  Q =  0.00000E+00 MeV  Emin = 1.00000E-11 MeV  : damage-energy production
   7    MT =    649  Q = -8.20000E-01 MeV  Emin = 8.23519E-01 MeV  : (n,p) to continuum
   8    MT =    800  Q =  1.11165E+01 MeV  Emin = 1.00000E-11 MeV  : (n,alpha) to ground state
   9    MT =    801  Q =  1.10671E+01 MeV  Emin = 1.00000E-11 MeV  : (n,a1)
  10    MT =    802  Q =  1.09544E+01 MeV  Emin = 1.00000E-11 MeV  : (n,a2)
  11    MT =    803  Q =  1.07833E+01 MeV  Emin = 1.00000E-11 MeV  : (n,a3)
  12    MT =    804  Q =  1.05596E+01 MeV  Emin = 1.00000E-11 MeV  : (n,a4)
  13    MT =    805  Q =  1.04023E+01 MeV  Emin = 1.00000E-11 MeV  : (n,a5)
  14    MT =    806  Q =  1.03862E+01 MeV  Emin = 1.00000E-11 MeV  : (n,a6)
  15    MT =    807  Q =  1.03424E+01 MeV  Emin = 1.00000E-11 MeV  : (n,a7)
  16    MT =    808  Q =  1.03421E+01 MeV  Emin = 1.00000E-11 MeV  : (n,a8)
  17    MT =    809  Q =  1.03312E+01 MeV  Emin = 1.00000E-11 MeV  : (n,a9)
  18    MT =    810  Q =  1.02895E+01 MeV  Emin = 1.00000E-11 MeV  : (n,a10)
  19    MT =    811  Q =  1.02869E+01 MeV  Emin = 1.00000E-11 MeV  : (n,a11)
  20    MT =    812  Q =  1.02435E+01 MeV  Emin = 1.00000E-11 MeV  : (n,a12)
  21    MT =    813  Q =  1.02329E+01 MeV  Emin = 1.00000E-11 MeV  : (n,a13)
  22    MT =    814  Q =  1.02264E+01 MeV  Emin = 1.00000E-11 MeV  : (n,a14)
  23    MT =    815  Q =  1.01561E+01 MeV  Emin = 1.00000E-11 MeV  : (n,a15)
  24    MT =    816  Q =  1.00934E+01 MeV  Emin = 1.00000E-11 MeV  : (n,a16)
  25    MT =    817  Q =  1.00736E+01 MeV  Emin = 1.00000E-11 MeV  : (n,a17)
  26    MT =    818  Q =  1.00666E+01 MeV  Emin = 1.00000E-11 MeV  : (n,a18)
  27    MT =    819  Q =  1.00629E+01 MeV  Emin = 1.00000E-11 MeV  : (n,a19)
  28    MT =    820  Q =  1.00436E+01 MeV  Emin = 1.00000E-11 MeV  : (n,a20)
  29    MT =    821  Q =  1.00390E+01 MeV  Emin = 1.00000E-11 MeV  : (n,a21)
  30    MT =    822  Q =  1.00378E+01 MeV  Emin = 1.00000E-11 MeV  : (n,a22)
  31    MT =    823  Q =  1.00221E+01 MeV  Emin = 1.00000E-11 MeV  : (n,a23)
  32    MT =    824  Q =  1.00108E+01 MeV  Emin = 1.00000E-11 MeV  : (n,a24)
  33    MT =    825  Q =  9.99470E+00 MeV  Emin = 1.00000E-11 MeV  : (n,a25)
  34    MT =    826  Q =  9.97940E+00 MeV  Emin = 1.00000E-11 MeV  : (n,a26)
  35    MT =    827  Q =  9.97320E+00 MeV  Emin = 1.00000E-11 MeV  : (n,a27)
  36    MT =    828  Q =  9.97050E+00 MeV  Emin = 1.00000E-11 MeV  : (n,a28)
  37    MT =    829  Q =  9.96820E+00 MeV  Emin = 1.00000E-11 MeV  : (n,a29)
  38    MT =    830  Q =  9.93400E+00 MeV  Emin = 1.00000E-11 MeV  : (n,a30)
  39    MT =    831  Q =  9.90760E+00 MeV  Emin = 1.00000E-11 MeV  : (n,a31)
  40    MT =    832  Q =  9.89840E+00 MeV  Emin = 1.00000E-11 MeV  : (n,a32)
  41    MT =    833  Q =  9.89440E+00 MeV  Emin = 1.00000E-11 MeV  : (n,a33)
  42    MT =    834  Q =  9.86690E+00 MeV  Emin = 1.00000E-11 MeV  : (n,a34)
  43    MT =    835  Q =  9.85780E+00 MeV  Emin = 1.00000E-11 MeV  : (n,a35)
  44    MT =      4  Q =  0.00000E+00 MeV  Emin = 7.73402E-05 MeV  : total inelastic scattering

 2 decay reactions:

   1  RTYP = 6     Q =  1.76400E+02 MeV  frac = 7.20000E-11  SF without yield                : spontaneous fission
   2  RTYP = 4     Q =  4.67870E+00 MeV  frac = 1.00000E+00  Product nuclide = cut: Th-231   : alpha

 Nuclide    8 / 8 : 92238.01c -- uranium 238 (U-238)

 Pointers                     : 95429 25156944
 Primary type                 : Transport
 Nuclide ZAI                  : 922380
 Library ID                   : 01c
 Cross section data file      : /opt/MCNP_DATA/Lib80x/U/92238.801nc
 Atomic weight (AW)           : 238.05080
 Atomic weight ratio (AWR)    : 236.00580
 Temperature                  : 773.1 Kelvin
 XS temperature               : 773.1 Kelvin
 Minimum and maximum energy   : 1.00000E-11 3.00000E+01
 Half-life                    : 1.41E+17 seconds (4.47 billion years)
 Specific ingestion toxicity  : 4.50E-08 Sv/Bq
 Specific inhalation toxicity : 8.00E-06 Sv/Bq
 Energy deposited per fission : 206.85 MeV
 Spontaneous fission nubar    : 2.00000

 - Nuclide is present in initial composition
 - Nuclide is not produced in transmutation
 - Nuclide is not produced in decay
 - Nuclide is not produced in fission
 - Nuclide has neutron transport data
 - Nuclide has no photon transport data
 - Nuclide has no S(a,b) data
 - Nuclide has no isomeric branching data
 - Nuclide is fissile
 - Nuclide is not a delayed neutron precursor
 - Nuclide has delayed neutron data in 6 precursor groups
 - Nuclide has ures ptable data but it is not used
 - Nuclide temperature is not adjusted with TMS
 - Nuclide has no dosimetry data
 - Nuclide has decay data
 - Nuclide has no supplementary transmutation cross section data
 - Nuclide has NFY data 
 - Nuclide has no SFY data

 - 48 reaction channels
 - 9 special reactions
 - No transmutation reactions
 - No transmutation branch reactions
 - 2 decay reactions
 - No decay branch reactions
 - No transmutation paths
 - All reaction paths linked to target

 48 reactions channel:

   1    MT =      2  Q =  0.00000E+00 MeV  Emin = 1.00000E-11 MeV  frac = 1.00000E+00  Product nuclide = self          : elastic scattering
   2    MT =      5  Q =  8.70050E+00 MeV  Emin = 1.00000E-11 MeV  frac = 1.00000E+00  Product nuclide = self          : anything
   3    MT =     16  Q = -6.15300E+00 MeV  Emin = 6.17907E+00 MeV  frac = 1.00000E+00  Product nuclide = cut: U-237    : (n,2n)
   4    MT =     17  Q = -1.12790E+01 MeV  Emin = 1.13268E+01 MeV  frac = 1.00000E+00  Product nuclide = cut: U-236    : (n,3n)
   5    MT =     18  Q =  1.97786E+02 MeV  Emin = 1.00000E-11 MeV  frac = 1.00000E+00  NFY (E = 5.00000E-01 MeV)     : total fission
   6    MT =     51  Q = -4.49160E-02 MeV  Emin = 4.51063E-02 MeV  frac = 1.00000E+00  Product nuclide = self          : inelastic scatt. to 1. excited state
   7    MT =     52  Q = -1.48380E-01 MeV  Emin = 1.49009E-01 MeV  frac = 1.00000E+00  Product nuclide = self          : inelastic scatt. to 2. excited state
   8    MT =     53  Q = -3.07180E-01 MeV  Emin = 3.08482E-01 MeV  frac = 1.00000E+00  Product nuclide = self          : inelastic scatt. to 3. excited state
   9    MT =     54  Q = -5.18100E-01 MeV  Emin = 5.20295E-01 MeV  frac = 1.00000E+00  Product nuclide = self          : inelastic scatt. to 4. excited state
  10    MT =     55  Q = -6.80110E-01 MeV  Emin = 6.82992E-01 MeV  frac = 1.00000E+00  Product nuclide = self          : inelastic scatt. to 5. excited state
  11    MT =     56  Q = -7.31930E-01 MeV  Emin = 7.35031E-01 MeV  frac = 1.00000E+00  Product nuclide = self          : inelastic scatt. to 6. excited state
  12    MT =     57  Q = -7.75900E-01 MeV  Emin = 7.79188E-01 MeV  frac = 1.00000E+00  Product nuclide = self          : inelastic scatt. to 7. excited state
  13    MT =     58  Q = -8.26640E-01 MeV  Emin = 8.30143E-01 MeV  frac = 1.00000E+00  Product nuclide = self          : inelastic scatt. to 8. excited state
  14    MT =     59  Q = -9.27210E-01 MeV  Emin = 9.31139E-01 MeV  frac = 1.00000E+00  Product nuclide = self          : inelastic scatt. to 9. excited state
  15    MT =     60  Q = -9.30550E-01 MeV  Emin = 9.34493E-01 MeV  frac = 1.00000E+00  Product nuclide = self          : inelastic scatt. to 10. excited state
  16    MT =     61  Q = -9.50120E-01 MeV  Emin = 9.54146E-01 MeV  frac = 1.00000E+00  Product nuclide = self          : inelastic scatt. to 11. excited state
  17    MT =     62  Q = -9.66130E-01 MeV  Emin = 9.70224E-01 MeV  frac = 1.00000E+00  Product nuclide = self          : inelastic scatt. to 12. excited state
  18    MT =     63  Q = -9.66310E-01 MeV  Emin = 9.70405E-01 MeV  frac = 1.00000E+00  Product nuclide = self          : inelastic scatt. to 13. excited state
  19    MT =     64  Q = -9.97230E-01 MeV  Emin = 1.00146E+00 MeV  frac = 1.00000E+00  Product nuclide = self          : inelastic scatt. to 14. excited state
  20    MT =     65  Q = -9.97580E-01 MeV  Emin = 1.00181E+00 MeV  frac = 1.00000E+00  Product nuclide = self          : inelastic scatt. to 15. excited state
  21    MT =     66  Q = -1.02800E+00 MeV  Emin = 1.03236E+00 MeV  frac = 1.00000E+00  Product nuclide = self          : inelastic scatt. to 16. excited state
  22    MT =     67  Q = -1.03725E+00 MeV  Emin = 1.04165E+00 MeV  frac = 1.00000E+00  Product nuclide = self          : inelastic scatt. to 17. excited state
  23    MT =     68  Q = -1.05638E+00 MeV  Emin = 1.06086E+00 MeV  frac = 1.00000E+00  Product nuclide = self          : inelastic scatt. to 18. excited state
  24    MT =     69  Q = -1.05773E+00 MeV  Emin = 1.06221E+00 MeV  frac = 1.00000E+00  Product nuclide = self          : inelastic scatt. to 19. excited state
  25    MT =     70  Q = -1.05966E+00 MeV  Emin = 1.06415E+00 MeV  frac = 1.00000E+00  Product nuclide = self          : inelastic scatt. to 20. excited state
  26    MT =     71  Q = -1.06027E+00 MeV  Emin = 1.06476E+00 MeV  frac = 1.00000E+00  Product nuclide = self          : inelastic scatt. to 21. excited state
  27    MT =     72  Q = -1.07670E+00 MeV  Emin = 1.08126E+00 MeV  frac = 1.00000E+00  Product nuclide = self          : inelastic scatt. to 22. excited state
  28    MT =     73  Q = -1.10571E+00 MeV  Emin = 1.11040E+00 MeV  frac = 1.00000E+00  Product nuclide = self          : inelastic scatt. to 23. excited state
  29    MT =     74  Q = -1.12884E+00 MeV  Emin = 1.13362E+00 MeV  frac = 1.00000E+00  Product nuclide = self          : inelastic scatt. to 24. excited state
  30    MT =     75  Q = -1.13075E+00 MeV  Emin = 1.13554E+00 MeV  frac = 1.00000E+00  Product nuclide = self          : inelastic scatt. to 25. excited state
  31    MT =     76  Q = -1.13570E+00 MeV  Emin = 1.14051E+00 MeV  frac = 1.00000E+00  Product nuclide = self          : inelastic scatt. to 26. excited state
  32    MT =     77  Q = -1.15070E+00 MeV  Emin = 1.15558E+00 MeV  frac = 1.00000E+00  Product nuclide = self          : inelastic scatt. to 27. excited state
  33    MT =     78  Q = -1.15100E+00 MeV  Emin = 1.15588E+00 MeV  frac = 1.00000E+00  Product nuclide = self          : inelastic scatt. to 28. excited state
  34    MT =     79  Q = -1.16300E+00 MeV  Emin = 1.16793E+00 MeV  frac = 1.00000E+00  Product nuclide = self          : inelastic scatt. to 29. excited state
  35    MT =     80  Q = -1.16799E+00 MeV  Emin = 1.17294E+00 MeV  frac = 1.00000E+00  Product nuclide = self          : inelastic scatt. to 30. excited state
  36    MT =     81  Q = -1.16888E+00 MeV  Emin = 1.17383E+00 MeV  frac = 1.00000E+00  Product nuclide = self          : inelastic scatt. to 31. excited state
  37    MT =     82  Q = -1.22378E+00 MeV  Emin = 1.22897E+00 MeV  frac = 1.00000E+00  Product nuclide = self          : inelastic scatt. to 32. excited state
  38    MT =     83  Q = -1.23200E+00 MeV  Emin = 1.23722E+00 MeV  frac = 1.00000E+00  Product nuclide = self          : inelastic scatt. to 33. excited state
  39    MT =     84  Q = -1.23930E+00 MeV  Emin = 1.24455E+00 MeV  frac = 1.00000E+00  Product nuclide = self          : inelastic scatt. to 34. excited state
  40    MT =     85  Q = -1.24290E+00 MeV  Emin = 1.24817E+00 MeV  frac = 1.00000E+00  Product nuclide = self          : inelastic scatt. to 35. excited state
  41    MT =     86  Q = -1.26090E+00 MeV  Emin = 1.26624E+00 MeV  frac = 1.00000E+00  Product nuclide = self          : inelastic scatt. to 36. excited state
  42    MT =     87  Q = -1.26920E+00 MeV  Emin = 1.27458E+00 MeV  frac = 1.00000E+00  Product nuclide = self          : inelastic scatt. to 37. excited state
  43    MT =     88  Q = -1.27854E+00 MeV  Emin = 1.28396E+00 MeV  frac = 1.00000E+00  Product nuclide = self          : inelastic scatt. to 38. excited state
  44    MT =     89  Q = -1.28565E+00 MeV  Emin = 1.29110E+00 MeV  frac = 1.00000E+00  Product nuclide = self          : inelastic scatt. to 39. excited state
  45    MT =     91  Q = -4.33762E-01 MeV  Emin = 4.35600E-01 MeV  frac = 1.00000E+00  Product nuclide = self          : inelastic scattering to continuum
  46    MT =    102  Q =  4.80643E+00 MeV  Emin = 1.00000E-11 MeV  frac = 1.00000E+00  Product nuclide = cut: U-239    : (n,gamma)
  47    MT =    103  Q =  0.00000E+00 MeV  Emin = 2.68935E+00 MeV  frac = 1.00000E+00  Product nuclide = cut: Pa-238   : (n,p)
  48    MT =    107  Q =  0.00000E+00 MeV  Emin = 1.00000E-11 MeV  frac = 1.00000E+00  Product nuclide = cut: Th-235   : (n,alpha)

 9 special reactions:

   1    MT =    203  Q =  0.00000E+00 MeV  Emin = 1.00000E-11 MeV  : total proton production
   2    MT =    204  Q =  0.00000E+00 MeV  Emin = 1.00000E-11 MeV  : total deuteron production
   3    MT =    205  Q =  0.00000E+00 MeV  Emin = 1.00000E-11 MeV  : total triton production
   4    MT =    206  Q =  0.00000E+00 MeV  Emin = 1.00000E-11 MeV  : total He-3 production
   5    MT =    207  Q =  0.00000E+00 MeV  Emin = 1.00000E-11 MeV  : total alpha production
   6    MT =    444  Q =  0.00000E+00 MeV  Emin = 1.00000E-11 MeV  : damage-energy production
   7    MT =    649  Q = -2.67800E+00 MeV  Emin = 2.68935E+00 MeV  : (n,p) to continuum
   8    MT =    800  Q =  8.70050E+00 MeV  Emin = 1.00000E-11 MeV  : (n,alpha) to ground state
   9    MT =      4  Q =  0.00000E+00 MeV  Emin = 4.51063E-02 MeV  : total inelastic scattering

 2 decay reactions:

   1  RTYP = 6     Q =  1.73600E+02 MeV  frac = 5.46000E-07  SF without yield                : spontaneous fission
   2  RTYP = 4     Q =  4.26970E+00 MeV  frac = 1.00000E+00  Product nuclide = cut: Th-234   : alpha

 --- Table  1: Summary of material compositions: 

 2 materials included in calculation


Material "fuelsalt":

 - Material is burnable
 - Material is included in majorant
 - Material is included in geometry
 - Atom density 3.27186E-02 1/barn*cm
 - Mass density 3.16400E+00 g/cm3
 - Volume 2.98451E+06 cm3
 - Mass 9.44300E+06 g
 - Photon emission rate 0.00000E+00 1/s
 - Neutron emission rate 0.00000E+00 1/s
 - 6 nuclides in composition
 - No nuclides associated with S(a,b) data
 - 13.44 Mb of memory allocated for data

Isotopic composition (non-zero densities):

-------------------------------------------------------------------
 Nuclide    a. weight   temp      a. dens      a. frac      m. frac
-------------------------------------------------------------------
 11023.01c   22.98949  773.1  8.18585E-03  2.50190E-01  9.87672E-02 
 17035.01c   34.96885  773.1  2.04460E-05  6.24904E-04  3.75240E-04 
 17037.01c   36.96590  773.1  2.04255E-02  6.24279E-01  3.96273E-01 
 92234.01c  234.04094  773.1  2.20684E-07  6.74492E-06  2.71071E-05 
 92235.01c  235.04394  773.1  3.80067E-03  1.16162E-01  4.68844E-01 
 92238.01c  238.05080  773.1  2.85851E-04  8.73666E-03  3.57132E-02 
       sum                    3.27186E-02  1.00000E+00  1.00000E+00
-------------------------------------------------------------------

Material "refl":

 - Material is not burnable
 - Material is included in majorant
 - Material is included in geometry
 - Atom density 8.67609E-02 1/barn*cm
 - Mass density 2.88000E+00 g/cm3
 - Volume 0.00000E+00 cm3
 - Mass 0.00000E+00 g
 - Photon emission rate 0.00000E+00 1/s
 - Neutron emission rate 0.00000E+00 1/s
 - 2 nuclides in composition
 - No nuclides associated with S(a,b) data
 - 7.68 Mb of memory allocated for data

Isotopic composition (non-zero densities):

-------------------------------------------------------------------
 Nuclide    a. weight   temp      a. dens      a. frac      m. frac
-------------------------------------------------------------------
 12024.01c   23.98504  873.0  4.33804E-02  5.00000E-01  5.99927E-01 
  8016.01c   15.99492  873.0  4.33804E-02  5.00000E-01  4.00073E-01 
       sum                    8.67609E-02  1.00000E+00  1.00000E+00
-------------------------------------------------------------------
