500.0 1.047806 0.000038 
510.0 1.047838 0.000039 
520.0 1.047834 0.000038 
530.0 1.047776 0.000041 
540.0 1.047785 0.000040 
550.0 1.047751 0.000038 
560.0 1.047839 0.000038 
570.0 1.047768 0.000038 
580.0 1.047775 0.000044 
590.0 1.047788 0.000039 
600.0 1.047802 0.000038 
610.0 1.047758 0.000036 
620.0 1.047798 0.000043 
630.0 1.047879 0.000035 
640.0 1.047700 0.000037 
650.0 1.047849 0.000036 
660.0 1.047845 0.000037 
670.0 1.047814 0.000038 
680.0 1.047819 0.000036 
690.0 1.047830 0.000040 
700.0 1.047861 0.000040 
