500.0 1.047269 0.000041 
510.0 1.047235 0.000038 
520.0 1.047271 0.000040 
530.0 1.047252 0.000038 
540.0 1.047337 0.000036 
550.0 1.047318 0.000039 
560.0 1.047311 0.000040 
570.0 1.047325 0.000042 
580.0 1.047300 0.000037 
590.0 1.047261 0.000037 
600.0 1.047256 0.000039 
610.0 1.047228 0.000039 
620.0 1.047254 0.000038 
630.0 1.047350 0.000041 
640.0 1.047284 0.000043 
650.0 1.047276 0.000039 
660.0 1.047269 0.000038 
670.0 1.047325 0.000037 
680.0 1.047264 0.000038 
690.0 1.047299 0.000038 
700.0 1.047308 0.000039 
